Unity Editor version:    6000.0.40f1 (157d81624ddf)
Branch:                  6000.0/staging
Build type:              Release
Batch mode:              YES
System name:             Linux
Distro version:          #56-Ubuntu SMP PREEMPT_DYNAMIC Sat Feb  8 00:37:57 UTC 2025
Kernel version:          6.8.0-54-generic
Architecture:            x86_64
Available memory:        31723 MB
Using pre-set license
Pro License: YES
The selected window backend is (null) 
Desktop is 1920 x 1080 @ 60 Hz
Initialize udev device monitor.

COMMAND LINE ARGUMENTS:
Unity
-adb2
-batchMode
-noUpm
-name
AssetImportWorker1
-projectPath
/home/kn/UnityGames/RandomPuzzles
-logFile
Logs/AssetImportWorker1.log
-srvPort
45357
-job-worker-count
3
-background-job-worker-count
8
-gc-helper-count
1
Successfully changed project path to: /home/kn/UnityGames/RandomPuzzles

(Unity:6766): Gtk-CRITICAL **: 13:26:52.115: gtk_label_set_text: assertion 'GTK_IS_LABEL (label)' failed

(Unity:6766): Gtk-CRITICAL **: 13:26:52.115: gtk_label_set_text: assertion 'GTK_IS_LABEL (label)' failed
/home/kn/UnityGames/RandomPuzzles
[UnityMemory] Configuration Parameters - Can be set up in boot.config
    "memorysetup-bucket-allocator-granularity=16"
    "memorysetup-bucket-allocator-bucket-count=8"
    "memorysetup-bucket-allocator-block-size=33554432"
    "memorysetup-bucket-allocator-block-count=8"
    "memorysetup-main-allocator-block-size=16777216"
    "memorysetup-thread-allocator-block-size=16777216"
    "memorysetup-gfx-main-allocator-block-size=16777216"
    "memorysetup-gfx-thread-allocator-block-size=16777216"
    "memorysetup-cache-allocator-block-size=4194304"
    "memorysetup-typetree-allocator-block-size=2097152"
    "memorysetup-profiler-bucket-allocator-granularity=16"
    "memorysetup-profiler-bucket-allocator-bucket-count=8"
    "memorysetup-profiler-bucket-allocator-block-size=33554432"
    "memorysetup-profiler-bucket-allocator-block-count=8"
    "memorysetup-profiler-allocator-block-size=16777216"
    "memorysetup-profiler-editor-allocator-block-size=1048576"
    "memorysetup-temp-allocator-size-main=16777216"
    "memorysetup-job-temp-allocator-block-size=2097152"
    "memorysetup-job-temp-allocator-block-size-background=1048576"
    "memorysetup-job-temp-allocator-reduction-small-platforms=262144"
    "memorysetup-allocator-temp-initial-block-size-main=262144"
    "memorysetup-allocator-temp-initial-block-size-worker=262144"
    "memorysetup-temp-allocator-size-background-worker=32768"
    "memorysetup-temp-allocator-size-job-worker=262144"
    "memorysetup-temp-allocator-size-preload-manager=33554432"
    "memorysetup-temp-allocator-size-nav-mesh-worker=65536"
    "memorysetup-temp-allocator-size-audio-worker=65536"
    "memorysetup-temp-allocator-size-cloud-worker=32768"
    "memorysetup-temp-allocator-size-gi-baking-worker=262144"
    "memorysetup-temp-allocator-size-gi-baking-worker=262144"
    "memorysetup-temp-allocator-size-gi-baking-worker=262144"
    "memorysetup-temp-allocator-size-gi-baking-worker=262144"
    "memorysetup-temp-allocator-size-gi-baking-worker=262144"
    "memorysetup-temp-allocator-size-gfx=262144"
Player connection [131685032650048]  Target information:

Player connection [131685032650048]  * "[IP] 192.168.14.181 [Port] 0 [Flags] 2 [Guid] 1449399750 [EditorId] 1449399750 [Version] 1048832 [Id] LinuxEditor(16,192.168.14.181) [Debug] 1 [PackageName] LinuxEditor [ProjectName] Editor" 

Player connection [131685032650048]  * "[IP] 192.168.122.1 [Port] 0 [Flags] 2 [Guid] 1449399750 [EditorId] 1449399750 [Version] 1048832 [Id] LinuxEditor(16,192.168.14.181) [Debug] 1 [PackageName] LinuxEditor [ProjectName] Editor" 

Player connection [131685032650048]  * "[IP] 172.17.0.1 [Port] 0 [Flags] 2 [Guid] 1449399750 [EditorId] 1449399750 [Version] 1048832 [Id] LinuxEditor(16,192.168.14.181) [Debug] 1 [PackageName] LinuxEditor [ProjectName] Editor" 

Player connection [131685032650048]  * "[IP] 172.25.0.1 [Port] 0 [Flags] 2 [Guid] 1449399750 [EditorId] 1449399750 [Version] 1048832 [Id] LinuxEditor(16,192.168.14.181) [Debug] 1 [PackageName] LinuxEditor [ProjectName] Editor" 

Player connection [131685032650048] Host joined multi-casting on [225.0.0.222:54997]...
Player connection [131685032650048] Host joined alternative multi-casting on [225.0.0.222:34997]...
JobSystem: Creating JobQueue using job-worker-count value 3
Input System module state changed to: Initialized.
[Physics::Module] Initialized fallback backend.
[Physics::Module] Id: 0xdecafbad
Library Redirect Path: Library/
[Physics::Module] Selected backend.
[Physics::Module] Name: PhysX
[Physics::Module] Id: 0xf2b8ea05
[Physics::Module] SDK Version: 4.1.2
[Physics::Module] Integration Version: 1.0.0
[Physics::Module] Threading Mode: Multi-Threaded
Refreshing native plugins compatible for Editor in 1,08 ms, found 1 plugins.
Preloading 0 native plugins for Editor in 0,00 ms.
Initialize engine version: 6000.0.40f1 (157d81624ddf)
[Subsystems] Discovering subsystems at path /home/kn/Unity/Hub/Editor/6000.0.40f1/Editor/Data/Resources/UnitySubsystems
[Subsystems] Discovering subsystems at path /home/kn/UnityGames/RandomPuzzles/Assets
kGfxThreadingModeNonThreaded is not supported on OpenGL Core. Reverting to kGfxThreadingModeDirect instead.
GfxDevice: creating device client; kGfxThreadingModeDirect
GLX Extensions: GLX_ARB_context_flush_control GLX_ARB_create_context GLX_ARB_create_context_no_error GLX_ARB_create_context_profile GLX_ARB_create_context_robustness GLX_ARB_fbconfig_float GLX_ARB_framebuffer_sRGB GLX_ARB_get_proc_address GLX_ARB_multisample GLX_EXT_buffer_age GLX_EXT_create_context_es2_profile GLX_EXT_create_context_es_profile GLX_EXT_fbconfig_packed_float GLX_EXT_framebuffer_sRGB GLX_EXT_no_config_context GLX_EXT_swap_control GLX_EXT_swap_control_tear GLX_EXT_texture_from_pixmap GLX_EXT_visual_info GLX_EXT_visual_rating GLX_INTEL_swap_event GLX_MESA_copy_sub_buffer GLX_MESA_gl_interop GLX_MESA_query_renderer GLX_MESA_swap_control GLX_OML_sync_control GLX_SGIS_multisample GLX_SGIX_fbconfig GLX_SGIX_pbuffer GLX_SGIX_visual_select_group GLX_SGI_make_current_read GLX_SGI_swap_control GLX_SGI_video_sync 
Renderer: Mesa Intel(R) UHD Graphics (CML GT2)
Vendor:   Intel
Version:  4.6 (Core Profile) Mesa 24.2.8-1ubuntu1~24.04.1
GLES:     0
 GL_3DFX_texture_compression_FXT1 GL_AMD_conservative_depth GL_AMD_depth_clamp_separate GL_AMD_draw_buffers_blend GL_AMD_gpu_shader_int64 GL_AMD_multi_draw_indirect GL_AMD_performance_monitor GL_AMD_pinned_memory GL_AMD_query_buffer_object GL_AMD_seamless_cubemap_per_texture GL_AMD_shader_stencil_export GL_AMD_shader_trinary_minmax GL_AMD_texture_texture4 GL_AMD_vertex_shader_layer GL_AMD_vertex_shader_viewport_index GL_ANGLE_texture_compression_dxt3 GL_ANGLE_texture_compression_dxt5 GL_ARB_ES2_compatibility GL_ARB_ES3_1_compatibility GL_ARB_ES3_2_compatibility GL_ARB_ES3_compatibility GL_ARB_arrays_of_arrays GL_ARB_base_instance GL_ARB_blend_func_extended GL_ARB_buffer_storage GL_ARB_clear_buffer_object GL_ARB_clear_texture GL_ARB_clip_control GL_ARB_compressed_texture_pixel_storage GL_ARB_compute_shader GL_ARB_compute_variable_group_size GL_ARB_conditional_render_inverted GL_ARB_conservative_depth GL_ARB_copy_buffer GL_ARB_copy_image GL_ARB_cull_distance GL_ARB_debug_output GL_ARB_depth_buffer_float GL_ARB
_depth_clamp GL_ARB_derivative_control GL_ARB_direct_state_access GL_ARB_draw_buffers GL_ARB_draw_buffers_blend GL_ARB_draw_elements_base_vertex GL_ARB_draw_indirect GL_ARB_draw_instanced GL_ARB_enhanced_layouts GL_ARB_explicit_attrib_location GL_ARB_explicit_uniform_location GL_ARB_fragment_coord_conventions GL_ARB_fragment_layer_viewport GL_ARB_fragment_shader GL_ARB_fragment_shader_interlock GL_ARB_framebuffer_no_attachments GL_ARB_framebuffer_object GL_ARB_framebuffer_sRGB GL_ARB_get_program_binary GL_ARB_get_texture_sub_image GL_ARB_gl_spirv GL_ARB_gpu_shader5 GL_ARB_gpu_shader_fp64 GL_ARB_gpu_shader_int64 GL_ARB_half_float_pixel GL_ARB_half_float_vertex GL_ARB_indirect_parameters GL_ARB_instanced_arrays GL_ARB_internalformat_query GL_ARB_internalformat_query2 GL_ARB_invalidate_subdata GL_ARB_map_buffer_alignment GL_ARB_map_buffer_range GL_ARB_multi_bind GL_ARB_multi_draw_indirect GL_ARB_occlusion_query2 GL_ARB_parallel_shader_compile GL_ARB_pipeline_statistics_query GL_ARB_pixel_buffer_object GL_ARB_po
int_sprite GL_ARB_polygon_offset_clamp GL_ARB_post_depth_coverage GL_ARB_program_interface_query GL_ARB_provoking_vertex GL_ARB_query_buffer_object GL_ARB_robust_buffer_access_behavior GL_ARB_robustness GL_ARB_sample_shading GL_ARB_sampler_objects GL_ARB_seamless_cube_map GL_ARB_seamless_cubemap_per_texture GL_ARB_separate_shader_objects GL_ARB_shader_atomic_counter_ops GL_ARB_shader_atomic_counters GL_ARB_shader_ballot GL_ARB_shader_bit_encoding GL_ARB_shader_clock GL_ARB_shader_draw_parameters GL_ARB_shader_group_vote GL_ARB_shader_image_load_store GL_ARB_shader_image_size GL_ARB_shader_objects GL_ARB_shader_precision GL_ARB_shader_stencil_export GL_ARB_shader_storage_buffer_object GL_ARB_shader_subroutine GL_ARB_shader_texture_image_samples GL_ARB_shader_texture_lod GL_ARB_shader_viewport_layer_array GL_ARB_shading_language_420pack GL_ARB_shading_language_include GL_ARB_shading_language_packing GL_ARB_spirv_extensions GL_ARB_stencil_texturing GL_ARB_sync GL_ARB_tessellation_shader GL_ARB_texture_barrier G
L_ARB_texture_border_clamp GL_ARB_texture_buffer_object GL_ARB_texture_buffer_object_rgb32 GL_ARB_texture_buffer_range GL_ARB_texture_compression_bptc GL_ARB_texture_compression_rgtc GL_ARB_texture_cube_map_array GL_ARB_texture_filter_anisotropic GL_ARB_texture_float GL_ARB_texture_gather GL_ARB_texture_mirror_clamp_to_edge GL_ARB_texture_multisample GL_ARB_texture_non_power_of_two GL_ARB_texture_query_levels GL_ARB_texture_query_lod GL_ARB_texture_rectangle GL_ARB_texture_rg GL_ARB_texture_rgb10_a2ui GL_ARB_texture_stencil8 GL_ARB_texture_storage GL_ARB_texture_storage_multisample GL_ARB_texture_swizzle GL_ARB_texture_view GL_ARB_timer_query GL_ARB_transform_feedback2 GL_ARB_transform_feedback3 GL_ARB_transform_feedback_instanced GL_ARB_transform_feedback_overflow_query GL_ARB_uniform_buffer_object GL_ARB_vertex_array_bgra GL_ARB_vertex_array_object GL_ARB_vertex_attrib_64bit GL_ARB_vertex_attrib_binding GL_ARB_vertex_buffer_object GL_ARB_vertex_shader GL_ARB_vertex_type_10f_11f_11f_rev GL_ARB_vertex_type_2
_10_10_10_rev GL_ARB_viewport_array GL_ATI_blend_equation_separate GL_ATI_texture_float GL_EXT_EGL_image_storage GL_EXT_EGL_image_storage_compression GL_EXT_EGL_sync GL_EXT_abgr GL_EXT_blend_equation_separate GL_EXT_debug_label GL_EXT_demote_to_helper_invocation GL_EXT_draw_buffers2 GL_EXT_draw_instanced GL_EXT_framebuffer_blit GL_EXT_framebuffer_multisample GL_EXT_framebuffer_multisample_blit_scaled GL_EXT_framebuffer_object GL_EXT_framebuffer_sRGB GL_EXT_memory_object GL_EXT_memory_object_fd GL_EXT_packed_depth_stencil GL_EXT_packed_float GL_EXT_pixel_buffer_object GL_EXT_polygon_offset_clamp GL_EXT_provoking_vertex GL_EXT_semaphore GL_EXT_semaphore_fd GL_EXT_shader_framebuffer_fetch GL_EXT_shader_framebuffer_fetch_non_coherent GL_EXT_shader_integer_mix GL_EXT_shader_samples_identical GL_EXT_texture_array GL_EXT_texture_compression_dxt1 GL_EXT_texture_compression_rgtc GL_EXT_texture_compression_s3tc GL_EXT_texture_filter_anisotropic GL_EXT_texture_integer GL_EXT_texture_sRGB GL_EXT_texture_sRGB_R8 GL_EXT_t
exture_sRGB_decode GL_EXT_texture_shadow_lod GL_EXT_texture_shared_exponent GL_EXT_texture_snorm GL_EXT_texture_storage GL_EXT_texture_swizzle GL_EXT_timer_query GL_EXT_transform_feedback GL_EXT_vertex_array_bgra GL_EXT_vertex_attrib_64bit GL_IBM_multimode_draw_arrays GL_INTEL_blackhole_render GL_INTEL_conservative_rasterization GL_INTEL_performance_query GL_INTEL_shader_atomic_float_minmax GL_INTEL_shader_integer_functions2 GL_KHR_blend_equation_advanced GL_KHR_blend_equation_advanced_coherent GL_KHR_context_flush_control GL_KHR_debug GL_KHR_no_error GL_KHR_parallel_shader_compile GL_KHR_robust_buffer_access_behavior GL_KHR_robustness GL_KHR_texture_compression_astc_ldr GL_KHR_texture_compression_astc_sliced_3d GL_MESA_framebuffer_flip_y GL_MESA_pack_invert GL_MESA_shader_integer_functions GL_MESA_texture_const_bandwidth GL_MESA_texture_signed_rgba GL_NV_alpha_to_coverage_dither_control GL_NV_compute_shader_derivatives GL_NV_conditional_render GL_NV_copy_image GL_NV_depth_clamp GL_NV_fragment_shader_interlo
ck GL_NV_packed_depth_stencil GL_NV_texture_barrier GL_OES_EGL_image GL_S3_s3tc
OPENGL LOG: Creating OpenGL 4.6 graphics device ; Context level  <OpenGL 4.5> ; Context handle -1526637392
Shader Hidden/ProbeVolume/VoxelizeScene is not supported: GPU does not support conservative rasterization
Initialize mono
Mono path[0] = '/home/kn/Unity/Hub/Editor/6000.0.40f1/Editor/Data/Managed'
Mono path[1] = '/home/kn/Unity/Hub/Editor/6000.0.40f1/Editor/Data/MonoBleedingEdge/lib/mono/unityjit-linux'
Mono config path = '/home/kn/Unity/Hub/Editor/6000.0.40f1/Editor/Data/MonoBleedingEdge/etc'
Using monoOptions --debugger-agent=transport=dt_socket,embedding=1,server=y,suspend=n,address=127.0.0.1:56766
Begin MonoManager ReloadAssembly
Registering precompiled unity dll's ...
Register platform support module: /home/kn/Unity/Hub/Editor/6000.0.40f1/Editor/Data/PlaybackEngines/LinuxStandaloneSupport/UnityEditor.LinuxStandalone.Extensions.dll
Registered in 0,003961 seconds.
- Loaded All Assemblies, in  0,743 seconds
Native extension for LinuxStandalone target not found
Mono: successfully reloaded assembly
- Finished resetting the current domain, in  0,825 seconds
Domain Reload Profiling: 1569ms
	BeginReloadAssembly (173ms)
		ExecutionOrderSort (0ms)
		DisableScriptedObjects (0ms)
		BackupInstance (0ms)
		ReleaseScriptingObjects (0ms)
		CreateAndSetChildDomain (2ms)
	RebuildCommonClasses (104ms)
	RebuildNativeTypeToScriptingClass (28ms)
	initialDomainReloadingComplete (128ms)
	LoadAllAssembliesAndSetupDomain (309ms)
		LoadAssemblies (171ms)
		RebuildTransferFunctionScriptingTraits (0ms)
		AnalyzeDomain (303ms)
			TypeCache.Refresh (301ms)
				TypeCache.ScanAssembly (268ms)
			BuildScriptInfoCaches (0ms)
			ResolveRequiredComponents (1ms)
	FinalizeReload (827ms)
		ReleaseScriptCaches (0ms)
		RebuildScriptCaches (0ms)
		SetupLoadedEditorAssemblies (706ms)
			LogAssemblyErrors (0ms)
			InitializePlatformSupportModulesInManaged (51ms)
			SetLoadedEditorAssemblies (12ms)
			BeforeProcessingInitializeOnLoad (115ms)
			ProcessInitializeOnLoadAttributes (327ms)
			ProcessInitializeOnLoadMethodAttributes (200ms)
			AfterProcessingInitializeOnLoad (0ms)
			EditorAssembliesLoaded (0ms)
		ExecutionOrderSort2 (0ms)
		AwakeInstancesAfterBackupRestoration (0ms)
========================================================================
Worker process is ready to serve import requests
Import Worker Mode flag is 0x00
Begin MonoManager ReloadAssembly
- Loaded All Assemblies, in  1,489 seconds
Refreshing native plugins compatible for Editor in 0,87 ms, found 1 plugins.
Native extension for LinuxStandalone target not found
Mono: successfully reloaded assembly
- Finished resetting the current domain, in  1,503 seconds
Domain Reload Profiling: 2988ms
	BeginReloadAssembly (252ms)
		ExecutionOrderSort (0ms)
		DisableScriptedObjects (13ms)
		BackupInstance (0ms)
		ReleaseScriptingObjects (0ms)
		CreateAndSetChildDomain (54ms)
	RebuildCommonClasses (101ms)
	RebuildNativeTypeToScriptingClass (30ms)
	initialDomainReloadingComplete (101ms)
	LoadAllAssembliesAndSetupDomain (1001ms)
		LoadAssemblies (541ms)
		RebuildTransferFunctionScriptingTraits (0ms)
		AnalyzeDomain (583ms)
			TypeCache.Refresh (445ms)
				TypeCache.ScanAssembly (413ms)
			BuildScriptInfoCaches (113ms)
			ResolveRequiredComponents (21ms)
	FinalizeReload (1504ms)
		ReleaseScriptCaches (0ms)
		RebuildScriptCaches (0ms)
		SetupLoadedEditorAssemblies (1251ms)
			LogAssemblyErrors (0ms)
			InitializePlatformSupportModulesInManaged (5ms)
			SetLoadedEditorAssemblies (6ms)
			BeforeProcessingInitializeOnLoad (250ms)
			ProcessInitializeOnLoadAttributes (738ms)
			ProcessInitializeOnLoadMethodAttributes (244ms)
			AfterProcessingInitializeOnLoad (7ms)
			EditorAssembliesLoaded (0ms)
		ExecutionOrderSort2 (0ms)
		AwakeInstancesAfterBackupRestoration (8ms)
Shader Hidden/ProbeVolume/VoxelizeScene is not supported: GPU does not support conservative rasterization
AutoLocale: current locale expects 'C' but got 'bg_BG.UTF-8'Launched and connected shader compiler UnityShaderCompiler after 0.02 seconds
Refreshing native plugins compatible for Editor in 0.92 ms, found 1 plugins.
Preloading 0 native plugins for Editor in 0.00 ms.
Unloading 206 Unused Serialized files (Serialized files now loaded: 0)
Unloading 6555 unused Assets / (6.0 MB). Loaded Objects now: 7253.
Memory consumption went from 159.6 MB to 153.6 MB.
Total: 19.822838 ms (FindLiveObjects: 1.041602 ms CreateObjectMapping: 1.884919 ms MarkObjects: 10.145073 ms  DeleteObjects: 6.749532 ms)

========================================================================
Received Prepare
Begin MonoManager ReloadAssembly
- Loaded All Assemblies, in  1.089 seconds
Refreshing native plugins compatible for Editor in 0.88 ms, found 1 plugins.
Native extension for LinuxStandalone target not found
Mono: successfully reloaded assembly
- Finished resetting the current domain, in  1.632 seconds
Domain Reload Profiling: 2723ms
	BeginReloadAssembly (282ms)
		ExecutionOrderSort (0ms)
		DisableScriptedObjects (26ms)
		BackupInstance (0ms)
		ReleaseScriptingObjects (0ms)
		CreateAndSetChildDomain (96ms)
	RebuildCommonClasses (65ms)
	RebuildNativeTypeToScriptingClass (16ms)
	initialDomainReloadingComplete (45ms)
	LoadAllAssembliesAndSetupDomain (684ms)
		LoadAssemblies (440ms)
		RebuildTransferFunctionScriptingTraits (0ms)
		AnalyzeDomain (336ms)
			TypeCache.Refresh (11ms)
				TypeCache.ScanAssembly (0ms)
			BuildScriptInfoCaches (303ms)
			ResolveRequiredComponents (19ms)
	FinalizeReload (1632ms)
		ReleaseScriptCaches (0ms)
		RebuildScriptCaches (0ms)
		SetupLoadedEditorAssemblies (1268ms)
			LogAssemblyErrors (0ms)
			InitializePlatformSupportModulesInManaged (5ms)
			SetLoadedEditorAssemblies (8ms)
			BeforeProcessingInitializeOnLoad (239ms)
			ProcessInitializeOnLoadAttributes (865ms)
			ProcessInitializeOnLoadMethodAttributes (141ms)
			AfterProcessingInitializeOnLoad (10ms)
			EditorAssembliesLoaded (1ms)
		ExecutionOrderSort2 (0ms)
		AwakeInstancesAfterBackupRestoration (23ms)
Shader Hidden/ProbeVolume/VoxelizeScene is not supported: GPU does not support conservative rasterization
Refreshing native plugins compatible for Editor in 0.99 ms, found 1 plugins.
Preloading 0 native plugins for Editor in 0.00 ms.
Unloading 13 Unused Serialized files (Serialized files now loaded: 0)
Unloading 6553 unused Assets / (4.2 MB). Loaded Objects now: 7256.
Memory consumption went from 129.9 MB to 125.7 MB.
Total: 17.723351 ms (FindLiveObjects: 1.045653 ms CreateObjectMapping: 1.755720 ms MarkObjects: 10.308167 ms  DeleteObjects: 4.611572 ms)

Prepare: number of updated asset objects reloaded= 0
========================================================================
Received Prepare
Begin MonoManager ReloadAssembly
- Loaded All Assemblies, in  1.077 seconds
Refreshing native plugins compatible for Editor in 0.97 ms, found 1 plugins.
Native extension for LinuxStandalone target not found
Mono: successfully reloaded assembly
- Finished resetting the current domain, in  1.400 seconds
Domain Reload Profiling: 2478ms
	BeginReloadAssembly (271ms)
		ExecutionOrderSort (0ms)
		DisableScriptedObjects (26ms)
		BackupInstance (0ms)
		ReleaseScriptingObjects (0ms)
		CreateAndSetChildDomain (94ms)
	RebuildCommonClasses (66ms)
	RebuildNativeTypeToScriptingClass (17ms)
	initialDomainReloadingComplete (42ms)
	LoadAllAssembliesAndSetupDomain (682ms)
		LoadAssemblies (431ms)
		RebuildTransferFunctionScriptingTraits (0ms)
		AnalyzeDomain (341ms)
			TypeCache.Refresh (16ms)
				TypeCache.ScanAssembly (0ms)
			BuildScriptInfoCaches (302ms)
			ResolveRequiredComponents (19ms)
	FinalizeReload (1401ms)
		ReleaseScriptCaches (0ms)
		RebuildScriptCaches (0ms)
		SetupLoadedEditorAssemblies (1049ms)
			LogAssemblyErrors (0ms)
			InitializePlatformSupportModulesInManaged (5ms)
			SetLoadedEditorAssemblies (8ms)
			BeforeProcessingInitializeOnLoad (262ms)
			ProcessInitializeOnLoadAttributes (645ms)
			ProcessInitializeOnLoadMethodAttributes (122ms)
			AfterProcessingInitializeOnLoad (7ms)
			EditorAssembliesLoaded (1ms)
		ExecutionOrderSort2 (0ms)
		AwakeInstancesAfterBackupRestoration (26ms)
Shader Hidden/ProbeVolume/VoxelizeScene is not supported: GPU does not support conservative rasterization
Refreshing native plugins compatible for Editor in 0.90 ms, found 1 plugins.
Preloading 0 native plugins for Editor in 0.00 ms.
Unloading 13 Unused Serialized files (Serialized files now loaded: 0)
Unloading 6553 unused Assets / (4.0 MB). Loaded Objects now: 7258.
Memory consumption went from 129.9 MB to 125.9 MB.
Total: 15.858380 ms (FindLiveObjects: 1.161774 ms CreateObjectMapping: 1.702639 ms MarkObjects: 10.003539 ms  DeleteObjects: 2.988487 ms)

Prepare: number of updated asset objects reloaded= 0
========================================================================
Received Prepare
Begin MonoManager ReloadAssembly
- Loaded All Assemblies, in  1.109 seconds
Refreshing native plugins compatible for Editor in 0.91 ms, found 1 plugins.
Native extension for LinuxStandalone target not found
Mono: successfully reloaded assembly
- Finished resetting the current domain, in  1.645 seconds
Domain Reload Profiling: 2754ms
	BeginReloadAssembly (264ms)
		ExecutionOrderSort (0ms)
		DisableScriptedObjects (29ms)
		BackupInstance (0ms)
		ReleaseScriptingObjects (0ms)
		CreateAndSetChildDomain (88ms)
	RebuildCommonClasses (66ms)
	RebuildNativeTypeToScriptingClass (17ms)
	initialDomainReloadingComplete (46ms)
	LoadAllAssembliesAndSetupDomain (715ms)
		LoadAssemblies (459ms)
		RebuildTransferFunctionScriptingTraits (0ms)
		AnalyzeDomain (342ms)
			TypeCache.Refresh (11ms)
				TypeCache.ScanAssembly (0ms)
			BuildScriptInfoCaches (308ms)
			ResolveRequiredComponents (19ms)
	FinalizeReload (1646ms)
		ReleaseScriptCaches (0ms)
		RebuildScriptCaches (0ms)
		SetupLoadedEditorAssemblies (1259ms)
			LogAssemblyErrors (0ms)
			InitializePlatformSupportModulesInManaged (5ms)
			SetLoadedEditorAssemblies (8ms)
			BeforeProcessingInitializeOnLoad (252ms)
			ProcessInitializeOnLoadAttributes (823ms)
			ProcessInitializeOnLoadMethodAttributes (163ms)
			AfterProcessingInitializeOnLoad (7ms)
			EditorAssembliesLoaded (0ms)
		ExecutionOrderSort2 (0ms)
		AwakeInstancesAfterBackupRestoration (27ms)
Shader Hidden/ProbeVolume/VoxelizeScene is not supported: GPU does not support conservative rasterization
Refreshing native plugins compatible for Editor in 1.08 ms, found 1 plugins.
Preloading 0 native plugins for Editor in 0.00 ms.
Unloading 13 Unused Serialized files (Serialized files now loaded: 0)
Unloading 6553 unused Assets / (4.9 MB). Loaded Objects now: 7260.
Memory consumption went from 129.9 MB to 125.0 MB.
Total: 21.852069 ms (FindLiveObjects: 1.142646 ms CreateObjectMapping: 3.045869 ms MarkObjects: 12.998490 ms  DeleteObjects: 4.661951 ms)

Prepare: number of updated asset objects reloaded= 0
========================================================================
Received Import Request.
  Time since last request: 308.812577 seconds.
  path: Assets/Scripts/Roomgen.cs
  artifactKey: Guid(d8764bb58e22f525c9fd145124688fcd) Importer(815301076,1909f56bfc062723c751e8b465ee728b)
Start importing Assets/Scripts/Roomgen.cs using Guid(d8764bb58e22f525c9fd145124688fcd) Importer(815301076,1909f56bfc062723c751e8b465ee728b) (PreviewImporter) -> (artifact id: '9c342681261fb33a647f583fff1cf0a9') in 0.010566208 seconds
Number of updated asset objects reloaded before import = 0Number of asset objects unloaded after import = 0

========================================================================
Received Import Request.
  Time since last request: 43.711702 seconds.
  path: Assets/Rooms/DownRight.prefab
  artifactKey: Guid(f21349f76f7089af4aa0b20b718fb377) Importer(815301076,1909f56bfc062723c751e8b465ee728b)
Start importing Assets/Rooms/DownRight.prefab using Guid(f21349f76f7089af4aa0b20b718fb377) Importer(815301076,1909f56bfc062723c751e8b465ee728b) (PreviewImporter) -> (artifact id: 'c2cf23b254f794e52d20755d525ceb25') in 0.879151266 seconds
Number of updated asset objects reloaded before import = 0Number of asset objects unloaded after import = 86

========================================================================
Received Import Request.
  Time since last request: 0.000043 seconds.
  path: Assets/Rooms/FirstRoom.prefab
  artifactKey: Guid(95591470bccb3f9478eb44b2018f3bda) Importer(815301076,1909f56bfc062723c751e8b465ee728b)
Start importing Assets/Rooms/FirstRoom.prefab using Guid(95591470bccb3f9478eb44b2018f3bda) Importer(815301076,1909f56bfc062723c751e8b465ee728b) (PreviewImporter) -> (artifact id: '6d58a39469993e2fd8edecb453a2ac06') in 0.012691428 seconds
Number of updated asset objects reloaded before import = 0Number of asset objects unloaded after import = 102

========================================================================
Received Import Request.
  Time since last request: 0.000038 seconds.
  path: Assets/Rooms/UpDown.prefab
  artifactKey: Guid(04329ce80de2a062485d9bf0c26788de) Importer(815301076,1909f56bfc062723c751e8b465ee728b)
Start importing Assets/Rooms/UpDown.prefab using Guid(04329ce80de2a062485d9bf0c26788de) Importer(815301076,1909f56bfc062723c751e8b465ee728b) (PreviewImporter) -> (artifact id: '61de1e0bfa0b363bda95bd8c1907cd09') in 0.016817048 seconds
Number of updated asset objects reloaded before import = 0Number of asset objects unloaded after import = 86

========================================================================
Received Import Request.
  Time since last request: 0.000033 seconds.
  path: Assets/Rooms/UpRight.prefab
  artifactKey: Guid(098741f794037f2faa1cf007a6c2d6ac) Importer(815301076,1909f56bfc062723c751e8b465ee728b)
Start importing Assets/Rooms/UpRight.prefab using Guid(098741f794037f2faa1cf007a6c2d6ac) Importer(815301076,1909f56bfc062723c751e8b465ee728b) (PreviewImporter) -> (artifact id: 'bb44bfb2e03d17322002197cac19912b') in 0.017274813 seconds
Number of updated asset objects reloaded before import = 0Number of asset objects unloaded after import = 86

========================================================================
Received Import Request.
  Time since last request: 43.106745 seconds.
  path: Assets/Rooms/FirstRoom.prefab
  artifactKey: Guid(95591470bccb3f9478eb44b2018f3bda) Importer(815301076,1909f56bfc062723c751e8b465ee728b)
Start importing Assets/Rooms/FirstRoom.prefab using Guid(95591470bccb3f9478eb44b2018f3bda) Importer(815301076,1909f56bfc062723c751e8b465ee728b) (PreviewImporter) -> (artifact id: '443dfa5ab679178f24eba8610aa79787') in 0.014548113 seconds
Number of updated asset objects reloaded before import = 0Number of asset objects unloaded after import = 107

========================================================================
Received Import Request.
  Time since last request: 0.000033 seconds.
  path: Assets/Rooms/UpDown.prefab
  artifactKey: Guid(04329ce80de2a062485d9bf0c26788de) Importer(815301076,1909f56bfc062723c751e8b465ee728b)
Start importing Assets/Rooms/UpDown.prefab using Guid(04329ce80de2a062485d9bf0c26788de) Importer(815301076,1909f56bfc062723c751e8b465ee728b) (PreviewImporter) -> (artifact id: 'd7a12870ed5ee27830020b273fef7e45') in 0.014638335 seconds
Number of updated asset objects reloaded before import = 0Number of asset objects unloaded after import = 91

========================================================================
Received Import Request.
  Time since last request: 0.000043 seconds.
  path: Assets/Rooms/RightDown.prefab
  artifactKey: Guid(cbbb632feba649292a487f033f2281cb) Importer(815301076,1909f56bfc062723c751e8b465ee728b)
Start importing Assets/Rooms/RightDown.prefab using Guid(cbbb632feba649292a487f033f2281cb) Importer(815301076,1909f56bfc062723c751e8b465ee728b) (PreviewImporter) -> (artifact id: '908da998ffa4d47786d0858ff794bb6b') in 0.012072901 seconds
Number of updated asset objects reloaded before import = 0Number of asset objects unloaded after import = 91

========================================================================
Received Import Request.
  Time since last request: 7.208631 seconds.
  path: Assets/Rooms/FirstRoom.prefab
  artifactKey: Guid(95591470bccb3f9478eb44b2018f3bda) Importer(815301076,1909f56bfc062723c751e8b465ee728b)
Start importing Assets/Rooms/FirstRoom.prefab using Guid(95591470bccb3f9478eb44b2018f3bda) Importer(815301076,1909f56bfc062723c751e8b465ee728b) (PreviewImporter) -> (artifact id: '18287bb65d4fc636e016ebf7bcd270b1') in 0.01199296 seconds
Number of updated asset objects reloaded before import = 0Number of asset objects unloaded after import = 107

========================================================================
Received Import Request.
  Time since last request: 0.000033 seconds.
  path: Assets/Rooms/UpDown.prefab
  artifactKey: Guid(04329ce80de2a062485d9bf0c26788de) Importer(815301076,1909f56bfc062723c751e8b465ee728b)
Start importing Assets/Rooms/UpDown.prefab using Guid(04329ce80de2a062485d9bf0c26788de) Importer(815301076,1909f56bfc062723c751e8b465ee728b) (PreviewImporter) -> (artifact id: 'fc7bed1ff8c9013405c472a299231e24') in 0.014633308 seconds
Number of updated asset objects reloaded before import = 0Number of asset objects unloaded after import = 91

========================================================================
Received Import Request.
  Time since last request: 0.000030 seconds.
  path: Assets/Rooms/UpRight.prefab
  artifactKey: Guid(098741f794037f2faa1cf007a6c2d6ac) Importer(815301076,1909f56bfc062723c751e8b465ee728b)
Start importing Assets/Rooms/UpRight.prefab using Guid(098741f794037f2faa1cf007a6c2d6ac) Importer(815301076,1909f56bfc062723c751e8b465ee728b) (PreviewImporter) -> (artifact id: 'c717aa5cd49882132195afc25f0066bc') in 0.011339004 seconds
Number of updated asset objects reloaded before import = 0Number of asset objects unloaded after import = 91

========================================================================
Received Import Request.
  Time since last request: 10.541032 seconds.
  path: Assets/Rooms/FirstRoom.prefab
  artifactKey: Guid(95591470bccb3f9478eb44b2018f3bda) Importer(815301076,1909f56bfc062723c751e8b465ee728b)
Start importing Assets/Rooms/FirstRoom.prefab using Guid(95591470bccb3f9478eb44b2018f3bda) Importer(815301076,1909f56bfc062723c751e8b465ee728b) (PreviewImporter) -> (artifact id: 'facfa0dbf08a8b26d13e680686480a8f') in 0.012882044 seconds
Number of updated asset objects reloaded before import = 0Number of asset objects unloaded after import = 107

========================================================================
Received Import Request.
  Time since last request: 0.000040 seconds.
  path: Assets/Rooms/LeftUp.prefab
  artifactKey: Guid(922ff77d9f59778449c502473beeb177) Importer(815301076,1909f56bfc062723c751e8b465ee728b)
Start importing Assets/Rooms/LeftUp.prefab using Guid(922ff77d9f59778449c502473beeb177) Importer(815301076,1909f56bfc062723c751e8b465ee728b) (PreviewImporter) -> (artifact id: 'bf3584661a82b56027dbb2e5967d12b0') in 0.011753404 seconds
Number of updated asset objects reloaded before import = 0Number of asset objects unloaded after import = 91

========================================================================
Received Import Request.
  Time since last request: 0.000035 seconds.
  path: Assets/Rooms/RightDown.prefab
  artifactKey: Guid(cbbb632feba649292a487f033f2281cb) Importer(815301076,1909f56bfc062723c751e8b465ee728b)
Start importing Assets/Rooms/RightDown.prefab using Guid(cbbb632feba649292a487f033f2281cb) Importer(815301076,1909f56bfc062723c751e8b465ee728b) (PreviewImporter) -> (artifact id: '631a470c173ee903dfb8e1fcff7af933') in 0.012605278 seconds
Number of updated asset objects reloaded before import = 0Number of asset objects unloaded after import = 91

========================================================================
Received Import Request.
  Time since last request: 4.319152 seconds.
  path: Assets/Rooms/FirstRoom.prefab
  artifactKey: Guid(95591470bccb3f9478eb44b2018f3bda) Importer(815301076,1909f56bfc062723c751e8b465ee728b)
Start importing Assets/Rooms/FirstRoom.prefab using Guid(95591470bccb3f9478eb44b2018f3bda) Importer(815301076,1909f56bfc062723c751e8b465ee728b) (PreviewImporter) -> (artifact id: '23869351e6e5bd6cc19ce57e2e628bbd') in 0.017385369 seconds
Number of updated asset objects reloaded before import = 0Number of asset objects unloaded after import = 107

========================================================================
Received Import Request.
  Time since last request: 0.000039 seconds.
  path: Assets/Rooms/LeftUp.prefab
  artifactKey: Guid(922ff77d9f59778449c502473beeb177) Importer(815301076,1909f56bfc062723c751e8b465ee728b)
Start importing Assets/Rooms/LeftUp.prefab using Guid(922ff77d9f59778449c502473beeb177) Importer(815301076,1909f56bfc062723c751e8b465ee728b) (PreviewImporter) -> (artifact id: 'e10eb82cc4c9e8b3df85df7313d91a8b') in 0.016927529 seconds
Number of updated asset objects reloaded before import = 0Number of asset objects unloaded after import = 91

========================================================================
Received Import Request.
  Time since last request: 0.000033 seconds.
  path: Assets/Rooms/UpRight.prefab
  artifactKey: Guid(098741f794037f2faa1cf007a6c2d6ac) Importer(815301076,1909f56bfc062723c751e8b465ee728b)
Start importing Assets/Rooms/UpRight.prefab using Guid(098741f794037f2faa1cf007a6c2d6ac) Importer(815301076,1909f56bfc062723c751e8b465ee728b) (PreviewImporter) -> (artifact id: '7ea97dfb513cad00efb8228dbfa89cc2') in 0.012898201 seconds
Number of updated asset objects reloaded before import = 0Number of asset objects unloaded after import = 91

========================================================================
Received Import Request.
  Time since last request: 11.849818 seconds.
  path: Assets/Rooms/FirstRoom.prefab
  artifactKey: Guid(95591470bccb3f9478eb44b2018f3bda) Importer(815301076,1909f56bfc062723c751e8b465ee728b)
Start importing Assets/Rooms/FirstRoom.prefab using Guid(95591470bccb3f9478eb44b2018f3bda) Importer(815301076,1909f56bfc062723c751e8b465ee728b) (PreviewImporter) -> (artifact id: 'c360b944717500f47370902a54c5bde3') in 0.012648693 seconds
Number of updated asset objects reloaded before import = 0Number of asset objects unloaded after import = 107

========================================================================
Received Import Request.
  Time since last request: 0.000036 seconds.
  path: Assets/Rooms/UpDown.prefab
  artifactKey: Guid(04329ce80de2a062485d9bf0c26788de) Importer(815301076,1909f56bfc062723c751e8b465ee728b)
Start importing Assets/Rooms/UpDown.prefab using Guid(04329ce80de2a062485d9bf0c26788de) Importer(815301076,1909f56bfc062723c751e8b465ee728b) (PreviewImporter) -> (artifact id: 'e30e8d6aeb948f7d555e23c33885e786') in 0.01248346 seconds
Number of updated asset objects reloaded before import = 0Number of asset objects unloaded after import = 91

========================================================================
Received Import Request.
  Time since last request: 0.000026 seconds.
  path: Assets/Rooms/UpRight.prefab
  artifactKey: Guid(098741f794037f2faa1cf007a6c2d6ac) Importer(815301076,1909f56bfc062723c751e8b465ee728b)
Start importing Assets/Rooms/UpRight.prefab using Guid(098741f794037f2faa1cf007a6c2d6ac) Importer(815301076,1909f56bfc062723c751e8b465ee728b) (PreviewImporter) -> (artifact id: 'e708e014bb8aa5253b8da57860558b9e') in 0.014108172 seconds
Number of updated asset objects reloaded before import = 0Number of asset objects unloaded after import = 91

========================================================================
Received Import Request.
  Time since last request: 6.582553 seconds.
  path: Assets/Rooms/FirstRoom.prefab
  artifactKey: Guid(95591470bccb3f9478eb44b2018f3bda) Importer(815301076,1909f56bfc062723c751e8b465ee728b)
Start importing Assets/Rooms/FirstRoom.prefab using Guid(95591470bccb3f9478eb44b2018f3bda) Importer(815301076,1909f56bfc062723c751e8b465ee728b) (PreviewImporter) -> (artifact id: 'cbc063146c75cf438083f2137ab79392') in 0.012216757 seconds
Number of updated asset objects reloaded before import = 0Number of asset objects unloaded after import = 107

========================================================================
Received Import Request.
  Time since last request: 0.000035 seconds.
  path: Assets/Rooms/LeftUp.prefab
  artifactKey: Guid(922ff77d9f59778449c502473beeb177) Importer(815301076,1909f56bfc062723c751e8b465ee728b)
Start importing Assets/Rooms/LeftUp.prefab using Guid(922ff77d9f59778449c502473beeb177) Importer(815301076,1909f56bfc062723c751e8b465ee728b) (PreviewImporter) -> (artifact id: '0d94dafb223c240a75db9cb1ef42ffa1') in 0.015438385 seconds
Number of updated asset objects reloaded before import = 0Number of asset objects unloaded after import = 91

========================================================================
Received Import Request.
  Time since last request: 0.000053 seconds.
  path: Assets/Rooms/UpRight.prefab
  artifactKey: Guid(098741f794037f2faa1cf007a6c2d6ac) Importer(815301076,1909f56bfc062723c751e8b465ee728b)
Start importing Assets/Rooms/UpRight.prefab using Guid(098741f794037f2faa1cf007a6c2d6ac) Importer(815301076,1909f56bfc062723c751e8b465ee728b) (PreviewImporter) -> (artifact id: 'ecd4a704e9e4c859624b7e3cb2b65665') in 0.016742022 seconds
Number of updated asset objects reloaded before import = 0Number of asset objects unloaded after import = 91

========================================================================
Received Import Request.
  Time since last request: 6.322408 seconds.
  path: Assets/Rooms/FirstRoom.prefab
  artifactKey: Guid(95591470bccb3f9478eb44b2018f3bda) Importer(815301076,1909f56bfc062723c751e8b465ee728b)
Start importing Assets/Rooms/FirstRoom.prefab using Guid(95591470bccb3f9478eb44b2018f3bda) Importer(815301076,1909f56bfc062723c751e8b465ee728b) (PreviewImporter) -> (artifact id: 'ece5328912fdad66011792dafcfe93e4') in 0.017045558 seconds
Number of updated asset objects reloaded before import = 0Number of asset objects unloaded after import = 107

========================================================================
Received Import Request.
  Time since last request: 0.000040 seconds.
  path: Assets/Rooms/UpDown.prefab
  artifactKey: Guid(04329ce80de2a062485d9bf0c26788de) Importer(815301076,1909f56bfc062723c751e8b465ee728b)
Start importing Assets/Rooms/UpDown.prefab using Guid(04329ce80de2a062485d9bf0c26788de) Importer(815301076,1909f56bfc062723c751e8b465ee728b) (PreviewImporter) -> (artifact id: '355300d5599b2c7c710456c0d511121d') in 0.012879196 seconds
Number of updated asset objects reloaded before import = 0Number of asset objects unloaded after import = 91

========================================================================
Received Import Request.
  Time since last request: 0.000042 seconds.
  path: Assets/Rooms/UpRight.prefab
  artifactKey: Guid(098741f794037f2faa1cf007a6c2d6ac) Importer(815301076,1909f56bfc062723c751e8b465ee728b)
Start importing Assets/Rooms/UpRight.prefab using Guid(098741f794037f2faa1cf007a6c2d6ac) Importer(815301076,1909f56bfc062723c751e8b465ee728b) (PreviewImporter) -> (artifact id: '77e5e8801ba995c81c9b8b55a96e235a') in 0.016859873 seconds
Number of updated asset objects reloaded before import = 0Number of asset objects unloaded after import = 91

========================================================================
Received Import Request.
  Time since last request: 5.934481 seconds.
  path: Assets/Rooms/FirstRoom.prefab
  artifactKey: Guid(95591470bccb3f9478eb44b2018f3bda) Importer(815301076,1909f56bfc062723c751e8b465ee728b)
Start importing Assets/Rooms/FirstRoom.prefab using Guid(95591470bccb3f9478eb44b2018f3bda) Importer(815301076,1909f56bfc062723c751e8b465ee728b) (PreviewImporter) -> (artifact id: 'c7578d0be138f3de9fdc83417d135f1f') in 0.011812632 seconds
Number of updated asset objects reloaded before import = 0Number of asset objects unloaded after import = 107

========================================================================
Received Import Request.
  Time since last request: 0.000047 seconds.
  path: Assets/Rooms/LeftUp.prefab
  artifactKey: Guid(922ff77d9f59778449c502473beeb177) Importer(815301076,1909f56bfc062723c751e8b465ee728b)
Start importing Assets/Rooms/LeftUp.prefab using Guid(922ff77d9f59778449c502473beeb177) Importer(815301076,1909f56bfc062723c751e8b465ee728b) (PreviewImporter) -> (artifact id: '2888c8016632c42688ae8622e794decd') in 0.013055866 seconds
Number of updated asset objects reloaded before import = 0Number of asset objects unloaded after import = 91

========================================================================
Received Import Request.
  Time since last request: 0.000058 seconds.
  path: Assets/Rooms/RightDown.prefab
  artifactKey: Guid(cbbb632feba649292a487f033f2281cb) Importer(815301076,1909f56bfc062723c751e8b465ee728b)
Start importing Assets/Rooms/RightDown.prefab using Guid(cbbb632feba649292a487f033f2281cb) Importer(815301076,1909f56bfc062723c751e8b465ee728b) (PreviewImporter) -> (artifact id: 'a4bead44e55aa51a8221a635b5cd78c6') in 0.011348043 seconds
Number of updated asset objects reloaded before import = 0Number of asset objects unloaded after import = 91

========================================================================
Received Import Request.
  Time since last request: 8.940486 seconds.
  path: Assets/Rooms/FirstRoom.prefab
  artifactKey: Guid(95591470bccb3f9478eb44b2018f3bda) Importer(815301076,1909f56bfc062723c751e8b465ee728b)
Start importing Assets/Rooms/FirstRoom.prefab using Guid(95591470bccb3f9478eb44b2018f3bda) Importer(815301076,1909f56bfc062723c751e8b465ee728b) (PreviewImporter) -> (artifact id: '7e8829d84d4254a38666eaaf3a5410d7') in 0.013458658 seconds
Number of updated asset objects reloaded before import = 0Number of asset objects unloaded after import = 107

========================================================================
Received Import Request.
  Time since last request: 0.000052 seconds.
  path: Assets/Rooms/UpDown.prefab
  artifactKey: Guid(04329ce80de2a062485d9bf0c26788de) Importer(815301076,1909f56bfc062723c751e8b465ee728b)
Start importing Assets/Rooms/UpDown.prefab using Guid(04329ce80de2a062485d9bf0c26788de) Importer(815301076,1909f56bfc062723c751e8b465ee728b) (PreviewImporter) -> (artifact id: '787d3be562df73e0da5ac2c9c5eb5d0d') in 0.013422565 seconds
Number of updated asset objects reloaded before import = 0Number of asset objects unloaded after import = 91

========================================================================
Received Import Request.
  Time since last request: 0.000047 seconds.
  path: Assets/Rooms/UpRight.prefab
  artifactKey: Guid(098741f794037f2faa1cf007a6c2d6ac) Importer(815301076,1909f56bfc062723c751e8b465ee728b)
Start importing Assets/Rooms/UpRight.prefab using Guid(098741f794037f2faa1cf007a6c2d6ac) Importer(815301076,1909f56bfc062723c751e8b465ee728b) (PreviewImporter) -> (artifact id: '0308051cea61aa96725dc0440182a22c') in 0.016510466 seconds
Number of updated asset objects reloaded before import = 0Number of asset objects unloaded after import = 91

========================================================================
Received Import Request.
  Time since last request: 3.478781 seconds.
  path: Assets/Rooms/FirstRoom.prefab
  artifactKey: Guid(95591470bccb3f9478eb44b2018f3bda) Importer(815301076,1909f56bfc062723c751e8b465ee728b)
Start importing Assets/Rooms/FirstRoom.prefab using Guid(95591470bccb3f9478eb44b2018f3bda) Importer(815301076,1909f56bfc062723c751e8b465ee728b) (PreviewImporter) -> (artifact id: '760bbba896ddef11e13b8114bd2ba571') in 0.012350921 seconds
Number of updated asset objects reloaded before import = 0Number of asset objects unloaded after import = 107

========================================================================
Received Import Request.
  Time since last request: 0.000030 seconds.
  path: Assets/Rooms/LeftUp.prefab
  artifactKey: Guid(922ff77d9f59778449c502473beeb177) Importer(815301076,1909f56bfc062723c751e8b465ee728b)
Start importing Assets/Rooms/LeftUp.prefab using Guid(922ff77d9f59778449c502473beeb177) Importer(815301076,1909f56bfc062723c751e8b465ee728b) (PreviewImporter) -> (artifact id: '79dcb5bba15a975972ecbf9e9234b48a') in 0.011932746 seconds
Number of updated asset objects reloaded before import = 0Number of asset objects unloaded after import = 91

========================================================================
Received Import Request.
  Time since last request: 0.000041 seconds.
  path: Assets/Rooms/RightDown.prefab
  artifactKey: Guid(cbbb632feba649292a487f033f2281cb) Importer(815301076,1909f56bfc062723c751e8b465ee728b)
Start importing Assets/Rooms/RightDown.prefab using Guid(cbbb632feba649292a487f033f2281cb) Importer(815301076,1909f56bfc062723c751e8b465ee728b) (PreviewImporter) -> (artifact id: '51ec30f0967cbbeb343c215643b9c581') in 0.013115062 seconds
Number of updated asset objects reloaded before import = 0Number of asset objects unloaded after import = 91

========================================================================
Received Import Request.
  Time since last request: 5.813281 seconds.
  path: Assets/Rooms/FirstRoom.prefab
  artifactKey: Guid(95591470bccb3f9478eb44b2018f3bda) Importer(815301076,1909f56bfc062723c751e8b465ee728b)
Start importing Assets/Rooms/FirstRoom.prefab using Guid(95591470bccb3f9478eb44b2018f3bda) Importer(815301076,1909f56bfc062723c751e8b465ee728b) (PreviewImporter) -> (artifact id: 'bd55500445694cfc1ac17ad141026dce') in 0.015927157 seconds
Number of updated asset objects reloaded before import = 0Number of asset objects unloaded after import = 107

========================================================================
Received Import Request.
  Time since last request: 0.000038 seconds.
  path: Assets/Rooms/UpDown.prefab
  artifactKey: Guid(04329ce80de2a062485d9bf0c26788de) Importer(815301076,1909f56bfc062723c751e8b465ee728b)
Start importing Assets/Rooms/UpDown.prefab using Guid(04329ce80de2a062485d9bf0c26788de) Importer(815301076,1909f56bfc062723c751e8b465ee728b) (PreviewImporter) -> (artifact id: '3471b2fb217ecb035fe098cbf71c24ba') in 0.019618905 seconds
Number of updated asset objects reloaded before import = 0Number of asset objects unloaded after import = 91

========================================================================
Received Import Request.
  Time since last request: 0.000036 seconds.
  path: Assets/Rooms/UpRight.prefab
  artifactKey: Guid(098741f794037f2faa1cf007a6c2d6ac) Importer(815301076,1909f56bfc062723c751e8b465ee728b)
Start importing Assets/Rooms/UpRight.prefab using Guid(098741f794037f2faa1cf007a6c2d6ac) Importer(815301076,1909f56bfc062723c751e8b465ee728b) (PreviewImporter) -> (artifact id: '736af359f49054a77c93edd0c0a2152f') in 0.014855895 seconds
Number of updated asset objects reloaded before import = 0Number of asset objects unloaded after import = 91

========================================================================
Received Import Request.
  Time since last request: 7.396083 seconds.
  path: Assets/Rooms/FirstRoom.prefab
  artifactKey: Guid(95591470bccb3f9478eb44b2018f3bda) Importer(815301076,1909f56bfc062723c751e8b465ee728b)
Start importing Assets/Rooms/FirstRoom.prefab using Guid(95591470bccb3f9478eb44b2018f3bda) Importer(815301076,1909f56bfc062723c751e8b465ee728b) (PreviewImporter) -> (artifact id: 'e810f57e454b6f3efb0c56710d7f12c5') in 0.011970572 seconds
Number of updated asset objects reloaded before import = 0Number of asset objects unloaded after import = 107

========================================================================
Received Import Request.
  Time since last request: 0.000036 seconds.
  path: Assets/Rooms/LeftUp.prefab
  artifactKey: Guid(922ff77d9f59778449c502473beeb177) Importer(815301076,1909f56bfc062723c751e8b465ee728b)
Start importing Assets/Rooms/LeftUp.prefab using Guid(922ff77d9f59778449c502473beeb177) Importer(815301076,1909f56bfc062723c751e8b465ee728b) (PreviewImporter) -> (artifact id: 'db2092bc03bab36f74c891e191048be1') in 0.013605666 seconds
Number of updated asset objects reloaded before import = 0Number of asset objects unloaded after import = 91

========================================================================
Received Import Request.
  Time since last request: 0.000048 seconds.
  path: Assets/Rooms/RightDown.prefab
  artifactKey: Guid(cbbb632feba649292a487f033f2281cb) Importer(815301076,1909f56bfc062723c751e8b465ee728b)
Start importing Assets/Rooms/RightDown.prefab using Guid(cbbb632feba649292a487f033f2281cb) Importer(815301076,1909f56bfc062723c751e8b465ee728b) (PreviewImporter) -> (artifact id: '0b6eedce585adc84eb20750deacbecfb') in 0.012929292 seconds
Number of updated asset objects reloaded before import = 0Number of asset objects unloaded after import = 91

========================================================================
Received Import Request.
  Time since last request: 16.025613 seconds.
  path: Assets/Rooms/FirstRoom.prefab
  artifactKey: Guid(95591470bccb3f9478eb44b2018f3bda) Importer(815301076,1909f56bfc062723c751e8b465ee728b)
Start importing Assets/Rooms/FirstRoom.prefab using Guid(95591470bccb3f9478eb44b2018f3bda) Importer(815301076,1909f56bfc062723c751e8b465ee728b) (PreviewImporter) -> (artifact id: '581fb7008a0b3a0bc22d89542990da3c') in 0.020801323 seconds
Number of updated asset objects reloaded before import = 0Number of asset objects unloaded after import = 107

========================================================================
Received Import Request.
  Time since last request: 0.000028 seconds.
  path: Assets/Rooms/UpDown.prefab
  artifactKey: Guid(04329ce80de2a062485d9bf0c26788de) Importer(815301076,1909f56bfc062723c751e8b465ee728b)
Start importing Assets/Rooms/UpDown.prefab using Guid(04329ce80de2a062485d9bf0c26788de) Importer(815301076,1909f56bfc062723c751e8b465ee728b) (PreviewImporter) -> (artifact id: 'c4272045d4431799819cd574b9e26195') in 0.014103631 seconds
Number of updated asset objects reloaded before import = 0Number of asset objects unloaded after import = 91

========================================================================
Received Import Request.
  Time since last request: 0.000027 seconds.
  path: Assets/Rooms/UpRight.prefab
  artifactKey: Guid(098741f794037f2faa1cf007a6c2d6ac) Importer(815301076,1909f56bfc062723c751e8b465ee728b)
Start importing Assets/Rooms/UpRight.prefab using Guid(098741f794037f2faa1cf007a6c2d6ac) Importer(815301076,1909f56bfc062723c751e8b465ee728b) (PreviewImporter) -> (artifact id: 'd61607d7191034a513f29ead8495d5f7') in 0.010584319 seconds
Number of updated asset objects reloaded before import = 0Number of asset objects unloaded after import = 91

========================================================================
Received Import Request.
  Time since last request: 10.675333 seconds.
  path: Assets/Rooms/FirstRoom.prefab
  artifactKey: Guid(95591470bccb3f9478eb44b2018f3bda) Importer(815301076,1909f56bfc062723c751e8b465ee728b)
Start importing Assets/Rooms/FirstRoom.prefab using Guid(95591470bccb3f9478eb44b2018f3bda) Importer(815301076,1909f56bfc062723c751e8b465ee728b) (PreviewImporter) -> (artifact id: '2b249a839ec98b7529462f6f3fc4343a') in 0.016487474 seconds
Number of updated asset objects reloaded before import = 0Number of asset objects unloaded after import = 107

========================================================================
Received Import Request.
  Time since last request: 0.000039 seconds.
  path: Assets/Rooms/LeftUp.prefab
  artifactKey: Guid(922ff77d9f59778449c502473beeb177) Importer(815301076,1909f56bfc062723c751e8b465ee728b)
Start importing Assets/Rooms/LeftUp.prefab using Guid(922ff77d9f59778449c502473beeb177) Importer(815301076,1909f56bfc062723c751e8b465ee728b) (PreviewImporter) -> (artifact id: 'ffc3c20e98b6250691a5dc879ca80549') in 0.015935555 seconds
Number of updated asset objects reloaded before import = 0Number of asset objects unloaded after import = 91

========================================================================
Received Import Request.
  Time since last request: 0.000038 seconds.
  path: Assets/Rooms/RightDown.prefab
  artifactKey: Guid(cbbb632feba649292a487f033f2281cb) Importer(815301076,1909f56bfc062723c751e8b465ee728b)
Start importing Assets/Rooms/RightDown.prefab using Guid(cbbb632feba649292a487f033f2281cb) Importer(815301076,1909f56bfc062723c751e8b465ee728b) (PreviewImporter) -> (artifact id: '3a54d3ceff9f14a1be4033a9d45bb351') in 0.019232013 seconds
Number of updated asset objects reloaded before import = 0Number of asset objects unloaded after import = 91

========================================================================
Received Import Request.
  Time since last request: 12.390837 seconds.
  path: Assets/Rooms/FirstRoom.prefab
  artifactKey: Guid(95591470bccb3f9478eb44b2018f3bda) Importer(815301076,1909f56bfc062723c751e8b465ee728b)
Start importing Assets/Rooms/FirstRoom.prefab using Guid(95591470bccb3f9478eb44b2018f3bda) Importer(815301076,1909f56bfc062723c751e8b465ee728b) (PreviewImporter) -> (artifact id: '52b777701bfeebd5974ba1475a97415f') in 0.012162384 seconds
Number of updated asset objects reloaded before import = 0Number of asset objects unloaded after import = 108

========================================================================
Received Import Request.
  Time since last request: 0.000034 seconds.
  path: Assets/Rooms/UpDown.prefab
  artifactKey: Guid(04329ce80de2a062485d9bf0c26788de) Importer(815301076,1909f56bfc062723c751e8b465ee728b)
Start importing Assets/Rooms/UpDown.prefab using Guid(04329ce80de2a062485d9bf0c26788de) Importer(815301076,1909f56bfc062723c751e8b465ee728b) (PreviewImporter) -> (artifact id: '30a4dc096923273145fa7647dda8551b') in 0.012461071 seconds
Number of updated asset objects reloaded before import = 0Number of asset objects unloaded after import = 92

========================================================================
Received Import Request.
  Time since last request: 0.000039 seconds.
  path: Assets/Rooms/RightDown.prefab
  artifactKey: Guid(cbbb632feba649292a487f033f2281cb) Importer(815301076,1909f56bfc062723c751e8b465ee728b)
Start importing Assets/Rooms/RightDown.prefab using Guid(cbbb632feba649292a487f033f2281cb) Importer(815301076,1909f56bfc062723c751e8b465ee728b) (PreviewImporter) -> (artifact id: '6d07c0d8b3e798cd7085f1414bd7bc68') in 0.016861587 seconds
Number of updated asset objects reloaded before import = 0Number of asset objects unloaded after import = 92

========================================================================
Received Prepare
Shader Hidden/ProbeVolume/VoxelizeScene is not supported: GPU does not support conservative rasterization
Refreshing native plugins compatible for Editor in 1.38 ms, found 1 plugins.
Preloading 0 native plugins for Editor in 0.00 ms.
Unloading 13 Unused Serialized files (Serialized files now loaded: 0)
Unloading 6543 unused Assets / (3.1 MB). Loaded Objects now: 7394.
Memory consumption went from 139.2 MB to 136.1 MB.
Total: 32.314235 ms (FindLiveObjects: 1.258706 ms CreateObjectMapping: 1.718705 ms MarkObjects: 24.069651 ms  DeleteObjects: 5.264837 ms)

Prepare: number of updated asset objects reloaded= 0
========================================================================
Received Prepare
Shader Hidden/ProbeVolume/VoxelizeScene is not supported: GPU does not support conservative rasterization
Refreshing native plugins compatible for Editor in 0.95 ms, found 1 plugins.
Preloading 0 native plugins for Editor in 0.00 ms.
Unloading 13 Unused Serialized files (Serialized files now loaded: 0)
Unloading 6543 unused Assets / (4.8 MB). Loaded Objects now: 7394.
Memory consumption went from 139.2 MB to 134.4 MB.
Total: 22.241558 ms (FindLiveObjects: 1.073083 ms CreateObjectMapping: 2.202667 ms MarkObjects: 14.962964 ms  DeleteObjects: 4.001034 ms)

Prepare: number of updated asset objects reloaded= 0
========================================================================
Received Prepare
Begin MonoManager ReloadAssembly
- Loaded All Assemblies, in  1.133 seconds
Refreshing native plugins compatible for Editor in 0.92 ms, found 1 plugins.
Native extension for LinuxStandalone target not found
Mono: successfully reloaded assembly
- Finished resetting the current domain, in  1.341 seconds
Domain Reload Profiling: 2475ms
	BeginReloadAssembly (304ms)
		ExecutionOrderSort (0ms)
		DisableScriptedObjects (46ms)
		BackupInstance (0ms)
		ReleaseScriptingObjects (0ms)
		CreateAndSetChildDomain (99ms)
	RebuildCommonClasses (74ms)
	RebuildNativeTypeToScriptingClass (18ms)
	initialDomainReloadingComplete (44ms)
	LoadAllAssembliesAndSetupDomain (694ms)
		LoadAssemblies (433ms)
		RebuildTransferFunctionScriptingTraits (0ms)
		AnalyzeDomain (355ms)
			TypeCache.Refresh (16ms)
				TypeCache.ScanAssembly (0ms)
			BuildScriptInfoCaches (314ms)
			ResolveRequiredComponents (20ms)
	FinalizeReload (1341ms)
		ReleaseScriptCaches (0ms)
		RebuildScriptCaches (0ms)
		SetupLoadedEditorAssemblies (1003ms)
			LogAssemblyErrors (0ms)
			InitializePlatformSupportModulesInManaged (5ms)
			SetLoadedEditorAssemblies (7ms)
			BeforeProcessingInitializeOnLoad (217ms)
			ProcessInitializeOnLoadAttributes (629ms)
			ProcessInitializeOnLoadMethodAttributes (140ms)
			AfterProcessingInitializeOnLoad (5ms)
			EditorAssembliesLoaded (0ms)
		ExecutionOrderSort2 (0ms)
		AwakeInstancesAfterBackupRestoration (18ms)
Shader Hidden/ProbeVolume/VoxelizeScene is not supported: GPU does not support conservative rasterization
Refreshing native plugins compatible for Editor in 0.86 ms, found 1 plugins.
Preloading 0 native plugins for Editor in 0.00 ms.
Unloading 13 Unused Serialized files (Serialized files now loaded: 0)
Unloading 6554 unused Assets / (5.2 MB). Loaded Objects now: 7296.
Memory consumption went from 135.4 MB to 130.2 MB.
Total: 15.571542 ms (FindLiveObjects: 1.139723 ms CreateObjectMapping: 1.618671 ms MarkObjects: 8.438742 ms  DeleteObjects: 4.372317 ms)

Prepare: number of updated asset objects reloaded= 0
========================================================================
Received Prepare
Begin MonoManager ReloadAssembly
- Loaded All Assemblies, in  1.082 seconds
Refreshing native plugins compatible for Editor in 0.89 ms, found 1 plugins.
Native extension for LinuxStandalone target not found
Mono: successfully reloaded assembly
- Finished resetting the current domain, in  1.290 seconds
Domain Reload Profiling: 2374ms
	BeginReloadAssembly (258ms)
		ExecutionOrderSort (0ms)
		DisableScriptedObjects (24ms)
		BackupInstance (0ms)
		ReleaseScriptingObjects (0ms)
		CreateAndSetChildDomain (83ms)
	RebuildCommonClasses (74ms)
	RebuildNativeTypeToScriptingClass (18ms)
	initialDomainReloadingComplete (44ms)
	LoadAllAssembliesAndSetupDomain (690ms)
		LoadAssemblies (428ms)
		RebuildTransferFunctionScriptingTraits (0ms)
		AnalyzeDomain (351ms)
			TypeCache.Refresh (16ms)
				TypeCache.ScanAssembly (0ms)
			BuildScriptInfoCaches (311ms)
			ResolveRequiredComponents (19ms)
	FinalizeReload (1290ms)
		ReleaseScriptCaches (0ms)
		RebuildScriptCaches (0ms)
		SetupLoadedEditorAssemblies (947ms)
			LogAssemblyErrors (0ms)
			InitializePlatformSupportModulesInManaged (5ms)
			SetLoadedEditorAssemblies (8ms)
			BeforeProcessingInitializeOnLoad (211ms)
			ProcessInitializeOnLoadAttributes (588ms)
			ProcessInitializeOnLoadMethodAttributes (128ms)
			AfterProcessingInitializeOnLoad (6ms)
			EditorAssembliesLoaded (1ms)
		ExecutionOrderSort2 (0ms)
		AwakeInstancesAfterBackupRestoration (22ms)
Shader Hidden/ProbeVolume/VoxelizeScene is not supported: GPU does not support conservative rasterization
Refreshing native plugins compatible for Editor in 0.90 ms, found 1 plugins.
Preloading 0 native plugins for Editor in 0.00 ms.
Unloading 13 Unused Serialized files (Serialized files now loaded: 0)
Unloading 6554 unused Assets / (4.9 MB). Loaded Objects now: 7298.
Memory consumption went from 135.2 MB to 130.3 MB.
Total: 15.406456 ms (FindLiveObjects: 0.972738 ms CreateObjectMapping: 1.593995 ms MarkObjects: 8.661455 ms  DeleteObjects: 4.176595 ms)

Prepare: number of updated asset objects reloaded= 0
========================================================================
Received Prepare
Begin MonoManager ReloadAssembly
- Loaded All Assemblies, in  1.094 seconds
Refreshing native plugins compatible for Editor in 0.91 ms, found 1 plugins.
Native extension for LinuxStandalone target not found
Mono: successfully reloaded assembly
- Finished resetting the current domain, in  1.306 seconds
Domain Reload Profiling: 2403ms
	BeginReloadAssembly (265ms)
		ExecutionOrderSort (0ms)
		DisableScriptedObjects (26ms)
		BackupInstance (0ms)
		ReleaseScriptingObjects (0ms)
		CreateAndSetChildDomain (97ms)
	RebuildCommonClasses (66ms)
	RebuildNativeTypeToScriptingClass (17ms)
	initialDomainReloadingComplete (48ms)
	LoadAllAssembliesAndSetupDomain (699ms)
		LoadAssemblies (428ms)
		RebuildTransferFunctionScriptingTraits (0ms)
		AnalyzeDomain (351ms)
			TypeCache.Refresh (12ms)
				TypeCache.ScanAssembly (0ms)
			BuildScriptInfoCaches (315ms)
			ResolveRequiredComponents (20ms)
	FinalizeReload (1308ms)
		ReleaseScriptCaches (0ms)
		RebuildScriptCaches (0ms)
		SetupLoadedEditorAssemblies (940ms)
			LogAssemblyErrors (0ms)
			InitializePlatformSupportModulesInManaged (5ms)
			SetLoadedEditorAssemblies (8ms)
			BeforeProcessingInitializeOnLoad (211ms)
			ProcessInitializeOnLoadAttributes (595ms)
			ProcessInitializeOnLoadMethodAttributes (115ms)
			AfterProcessingInitializeOnLoad (6ms)
			EditorAssembliesLoaded (0ms)
		ExecutionOrderSort2 (0ms)
		AwakeInstancesAfterBackupRestoration (18ms)
Shader Hidden/ProbeVolume/VoxelizeScene is not supported: GPU does not support conservative rasterization
Refreshing native plugins compatible for Editor in 2.69 ms, found 1 plugins.
Preloading 0 native plugins for Editor in 0.00 ms.
Unloading 13 Unused Serialized files (Serialized files now loaded: 0)
Unloading 6554 unused Assets / (4.3 MB). Loaded Objects now: 7300.
Memory consumption went from 135.2 MB to 131.0 MB.
Total: 38.863605 ms (FindLiveObjects: 2.323642 ms CreateObjectMapping: 3.820201 ms MarkObjects: 24.242188 ms  DeleteObjects: 8.473540 ms)

Prepare: number of updated asset objects reloaded= 0
========================================================================
Received Prepare
Begin MonoManager ReloadAssembly
- Loaded All Assemblies, in  1.102 seconds
Refreshing native plugins compatible for Editor in 0.83 ms, found 1 plugins.
Native extension for LinuxStandalone target not found
Mono: successfully reloaded assembly
- Finished resetting the current domain, in  1.308 seconds
Domain Reload Profiling: 2411ms
	BeginReloadAssembly (274ms)
		ExecutionOrderSort (0ms)
		DisableScriptedObjects (25ms)
		BackupInstance (0ms)
		ReleaseScriptingObjects (0ms)
		CreateAndSetChildDomain (91ms)
	RebuildCommonClasses (72ms)
	RebuildNativeTypeToScriptingClass (17ms)
	initialDomainReloadingComplete (43ms)
	LoadAllAssembliesAndSetupDomain (698ms)
		LoadAssemblies (435ms)
		RebuildTransferFunctionScriptingTraits (0ms)
		AnalyzeDomain (359ms)
			TypeCache.Refresh (16ms)
				TypeCache.ScanAssembly (0ms)
			BuildScriptInfoCaches (320ms)
			ResolveRequiredComponents (19ms)
	FinalizeReload (1308ms)
		ReleaseScriptCaches (0ms)
		RebuildScriptCaches (0ms)
		SetupLoadedEditorAssemblies (964ms)
			LogAssemblyErrors (0ms)
			InitializePlatformSupportModulesInManaged (5ms)
			SetLoadedEditorAssemblies (10ms)
			BeforeProcessingInitializeOnLoad (242ms)
			ProcessInitializeOnLoadAttributes (590ms)
			ProcessInitializeOnLoadMethodAttributes (112ms)
			AfterProcessingInitializeOnLoad (5ms)
			EditorAssembliesLoaded (0ms)
		ExecutionOrderSort2 (0ms)
		AwakeInstancesAfterBackupRestoration (17ms)
Shader Hidden/ProbeVolume/VoxelizeScene is not supported: GPU does not support conservative rasterization
Refreshing native plugins compatible for Editor in 0.89 ms, found 1 plugins.
Preloading 0 native plugins for Editor in 0.00 ms.
Unloading 13 Unused Serialized files (Serialized files now loaded: 0)
Unloading 6554 unused Assets / (4.0 MB). Loaded Objects now: 7302.
Memory consumption went from 135.2 MB to 131.2 MB.
Total: 13.687267 ms (FindLiveObjects: 1.051458 ms CreateObjectMapping: 1.595557 ms MarkObjects: 8.038562 ms  DeleteObjects: 2.999845 ms)

Prepare: number of updated asset objects reloaded= 0
========================================================================
Received Import Request.
  Time since last request: 438.993565 seconds.
  path: Assets/Rooms/FirstRoom.prefab
  artifactKey: Guid(95591470bccb3f9478eb44b2018f3bda) Importer(815301076,1909f56bfc062723c751e8b465ee728b)
Start importing Assets/Rooms/FirstRoom.prefab using Guid(95591470bccb3f9478eb44b2018f3bda) Importer(815301076,1909f56bfc062723c751e8b465ee728b) (PreviewImporter) -> (artifact id: '963964e914c9f81f16ccb81185a199f8') in 0.837218872 seconds
Number of updated asset objects reloaded before import = 0Number of asset objects unloaded after import = 109

========================================================================
Received Import Request.
  Time since last request: 0.000040 seconds.
  path: Assets/Rooms/UpDown.prefab
  artifactKey: Guid(04329ce80de2a062485d9bf0c26788de) Importer(815301076,1909f56bfc062723c751e8b465ee728b)
Start importing Assets/Rooms/UpDown.prefab using Guid(04329ce80de2a062485d9bf0c26788de) Importer(815301076,1909f56bfc062723c751e8b465ee728b) (PreviewImporter) -> (artifact id: 'e58f72264787f99b5a1415c4c024f328') in 0.014062151 seconds
Number of updated asset objects reloaded before import = 0Number of asset objects unloaded after import = 93

========================================================================
Received Import Request.
  Time since last request: 0.000072 seconds.
  path: Assets/Rooms/UpRight.prefab
  artifactKey: Guid(098741f794037f2faa1cf007a6c2d6ac) Importer(815301076,1909f56bfc062723c751e8b465ee728b)
Start importing Assets/Rooms/UpRight.prefab using Guid(098741f794037f2faa1cf007a6c2d6ac) Importer(815301076,1909f56bfc062723c751e8b465ee728b) (PreviewImporter) -> (artifact id: 'f6785223e2d87026da56eeed01991a66') in 0.018545949 seconds
Number of updated asset objects reloaded before import = 0Number of asset objects unloaded after import = 93

