Unity Editor version:    6000.0.40f1 (157d81624ddf)
Branch:                  6000.0/staging
Build type:              Release
Batch mode:              YES
System name:             Linux
Distro version:          #56-Ubuntu SMP PREEMPT_DYNAMIC Sat Feb  8 00:37:57 UTC 2025
Kernel version:          6.8.0-54-generic
Architecture:            x86_64
Available memory:        31723 MB
Using pre-set license
Pro License: YES
The selected window backend is (null) 
Desktop is 1920 x 1080 @ 60 Hz
Initialize udev device monitor.

COMMAND LINE ARGUMENTS:
Unity
-adb2
-batchMode
-noUpm
-name
AssetImportWorker0
-projectPath
/home/kn/UnityGames/RandomPuzzles
-logFile
Logs/AssetImportWorker0.log
-srvPort
45357
-job-worker-count
3
-background-job-worker-count
8
-gc-helper-count
1
Successfully changed project path to: /home/kn/UnityGames/RandomPuzzles

(Unity:6762): Gtk-CRITICAL **: 13:26:51.978: gtk_label_set_text: assertion 'GTK_IS_LABEL (label)' failed

(Unity:6762): Gtk-CRITICAL **: 13:26:51.985: gtk_label_set_text: assertion 'GTK_IS_LABEL (label)' failed
/home/kn/UnityGames/RandomPuzzles
[UnityMemory] Configuration Parameters - Can be set up in boot.config
    "memorysetup-bucket-allocator-granularity=16"
    "memorysetup-bucket-allocator-bucket-count=8"
    "memorysetup-bucket-allocator-block-size=33554432"
    "memorysetup-bucket-allocator-block-count=8"
    "memorysetup-main-allocator-block-size=16777216"
    "memorysetup-thread-allocator-block-size=16777216"
    "memorysetup-gfx-main-allocator-block-size=16777216"
    "memorysetup-gfx-thread-allocator-block-size=16777216"
    "memorysetup-cache-allocator-block-size=4194304"
    "memorysetup-typetree-allocator-block-size=2097152"
    "memorysetup-profiler-bucket-allocator-granularity=16"
    "memorysetup-profiler-bucket-allocator-bucket-count=8"
    "memorysetup-profiler-bucket-allocator-block-size=33554432"
    "memorysetup-profiler-bucket-allocator-block-count=8"
    "memorysetup-profiler-allocator-block-size=16777216"
    "memorysetup-profiler-editor-allocator-block-size=1048576"
    "memorysetup-temp-allocator-size-main=16777216"
    "memorysetup-job-temp-allocator-block-size=2097152"
    "memorysetup-job-temp-allocator-block-size-background=1048576"
    "memorysetup-job-temp-allocator-reduction-small-platforms=262144"
    "memorysetup-allocator-temp-initial-block-size-main=262144"
    "memorysetup-allocator-temp-initial-block-size-worker=262144"
    "memorysetup-temp-allocator-size-background-worker=32768"
    "memorysetup-temp-allocator-size-job-worker=262144"
    "memorysetup-temp-allocator-size-preload-manager=33554432"
    "memorysetup-temp-allocator-size-nav-mesh-worker=65536"
    "memorysetup-temp-allocator-size-audio-worker=65536"
    "memorysetup-temp-allocator-size-cloud-worker=32768"
    "memorysetup-temp-allocator-size-gi-baking-worker=262144"
    "memorysetup-temp-allocator-size-gi-baking-worker=262144"
    "memorysetup-temp-allocator-size-gi-baking-worker=262144"
    "memorysetup-temp-allocator-size-gi-baking-worker=262144"
    "memorysetup-temp-allocator-size-gi-baking-worker=262144"
    "memorysetup-temp-allocator-size-gfx=262144"
Player connection [136666565571904]  Target information:

Player connection [136666565571904]  * "[IP] 192.168.14.181 [Port] 0 [Flags] 2 [Guid] 3316038999 [EditorId] 3316038999 [Version] 1048832 [Id] LinuxEditor(16,192.168.14.181) [Debug] 1 [PackageName] LinuxEditor [ProjectName] Editor" 

Player connection [136666565571904]  * "[IP] 192.168.122.1 [Port] 0 [Flags] 2 [Guid] 3316038999 [EditorId] 3316038999 [Version] 1048832 [Id] LinuxEditor(16,192.168.14.181) [Debug] 1 [PackageName] LinuxEditor [ProjectName] Editor" 

Player connection [136666565571904]  * "[IP] 172.17.0.1 [Port] 0 [Flags] 2 [Guid] 3316038999 [EditorId] 3316038999 [Version] 1048832 [Id] LinuxEditor(16,192.168.14.181) [Debug] 1 [PackageName] LinuxEditor [ProjectName] Editor" 

Player connection [136666565571904]  * "[IP] 172.25.0.1 [Port] 0 [Flags] 2 [Guid] 3316038999 [EditorId] 3316038999 [Version] 1048832 [Id] LinuxEditor(16,192.168.14.181) [Debug] 1 [PackageName] LinuxEditor [ProjectName] Editor" 

Player connection [136666565571904] Host joined multi-casting on [225.0.0.222:54997]...
Player connection [136666565571904] Host joined alternative multi-casting on [225.0.0.222:34997]...
JobSystem: Creating JobQueue using job-worker-count value 3
Input System module state changed to: Initialized.
[Physics::Module] Initialized fallback backend.
[Physics::Module] Id: 0xdecafbad
Library Redirect Path: Library/
[Physics::Module] Selected backend.
[Physics::Module] Name: PhysX
[Physics::Module] Id: 0xf2b8ea05
[Physics::Module] SDK Version: 4.1.2
[Physics::Module] Integration Version: 1.0.0
[Physics::Module] Threading Mode: Multi-Threaded
Refreshing native plugins compatible for Editor in 1,10 ms, found 1 plugins.
Preloading 0 native plugins for Editor in 0,00 ms.
Initialize engine version: 6000.0.40f1 (157d81624ddf)
[Subsystems] Discovering subsystems at path /home/kn/Unity/Hub/Editor/6000.0.40f1/Editor/Data/Resources/UnitySubsystems
[Subsystems] Discovering subsystems at path /home/kn/UnityGames/RandomPuzzles/Assets
kGfxThreadingModeNonThreaded is not supported on OpenGL Core. Reverting to kGfxThreadingModeDirect instead.
GfxDevice: creating device client; kGfxThreadingModeDirect
GLX Extensions: GLX_ARB_context_flush_control GLX_ARB_create_context GLX_ARB_create_context_no_error GLX_ARB_create_context_profile GLX_ARB_create_context_robustness GLX_ARB_fbconfig_float GLX_ARB_framebuffer_sRGB GLX_ARB_get_proc_address GLX_ARB_multisample GLX_EXT_buffer_age GLX_EXT_create_context_es2_profile GLX_EXT_create_context_es_profile GLX_EXT_fbconfig_packed_float GLX_EXT_framebuffer_sRGB GLX_EXT_no_config_context GLX_EXT_swap_control GLX_EXT_swap_control_tear GLX_EXT_texture_from_pixmap GLX_EXT_visual_info GLX_EXT_visual_rating GLX_INTEL_swap_event GLX_MESA_copy_sub_buffer GLX_MESA_gl_interop GLX_MESA_query_renderer GLX_MESA_swap_control GLX_OML_sync_control GLX_SGIS_multisample GLX_SGIX_fbconfig GLX_SGIX_pbuffer GLX_SGIX_visual_select_group GLX_SGI_make_current_read GLX_SGI_swap_control GLX_SGI_video_sync 
Renderer: Mesa Intel(R) UHD Graphics (CML GT2)
Vendor:   Intel
Version:  4.6 (Core Profile) Mesa 24.2.8-1ubuntu1~24.04.1
GLES:     0
 GL_3DFX_texture_compression_FXT1 GL_AMD_conservative_depth GL_AMD_depth_clamp_separate GL_AMD_draw_buffers_blend GL_AMD_gpu_shader_int64 GL_AMD_multi_draw_indirect GL_AMD_performance_monitor GL_AMD_pinned_memory GL_AMD_query_buffer_object GL_AMD_seamless_cubemap_per_texture GL_AMD_shader_stencil_export GL_AMD_shader_trinary_minmax GL_AMD_texture_texture4 GL_AMD_vertex_shader_layer GL_AMD_vertex_shader_viewport_index GL_ANGLE_texture_compression_dxt3 GL_ANGLE_texture_compression_dxt5 GL_ARB_ES2_compatibility GL_ARB_ES3_1_compatibility GL_ARB_ES3_2_compatibility GL_ARB_ES3_compatibility GL_ARB_arrays_of_arrays GL_ARB_base_instance GL_ARB_blend_func_extended GL_ARB_buffer_storage GL_ARB_clear_buffer_object GL_ARB_clear_texture GL_ARB_clip_control GL_ARB_compressed_texture_pixel_storage GL_ARB_compute_shader GL_ARB_compute_variable_group_size GL_ARB_conditional_render_inverted GL_ARB_conservative_depth GL_ARB_copy_buffer GL_ARB_copy_image GL_ARB_cull_distance GL_ARB_debug_output GL_ARB_depth_buffer_float GL_ARB
_depth_clamp GL_ARB_derivative_control GL_ARB_direct_state_access GL_ARB_draw_buffers GL_ARB_draw_buffers_blend GL_ARB_draw_elements_base_vertex GL_ARB_draw_indirect GL_ARB_draw_instanced GL_ARB_enhanced_layouts GL_ARB_explicit_attrib_location GL_ARB_explicit_uniform_location GL_ARB_fragment_coord_conventions GL_ARB_fragment_layer_viewport GL_ARB_fragment_shader GL_ARB_fragment_shader_interlock GL_ARB_framebuffer_no_attachments GL_ARB_framebuffer_object GL_ARB_framebuffer_sRGB GL_ARB_get_program_binary GL_ARB_get_texture_sub_image GL_ARB_gl_spirv GL_ARB_gpu_shader5 GL_ARB_gpu_shader_fp64 GL_ARB_gpu_shader_int64 GL_ARB_half_float_pixel GL_ARB_half_float_vertex GL_ARB_indirect_parameters GL_ARB_instanced_arrays GL_ARB_internalformat_query GL_ARB_internalformat_query2 GL_ARB_invalidate_subdata GL_ARB_map_buffer_alignment GL_ARB_map_buffer_range GL_ARB_multi_bind GL_ARB_multi_draw_indirect GL_ARB_occlusion_query2 GL_ARB_parallel_shader_compile GL_ARB_pipeline_statistics_query GL_ARB_pixel_buffer_object GL_ARB_po
int_sprite GL_ARB_polygon_offset_clamp GL_ARB_post_depth_coverage GL_ARB_program_interface_query GL_ARB_provoking_vertex GL_ARB_query_buffer_object GL_ARB_robust_buffer_access_behavior GL_ARB_robustness GL_ARB_sample_shading GL_ARB_sampler_objects GL_ARB_seamless_cube_map GL_ARB_seamless_cubemap_per_texture GL_ARB_separate_shader_objects GL_ARB_shader_atomic_counter_ops GL_ARB_shader_atomic_counters GL_ARB_shader_ballot GL_ARB_shader_bit_encoding GL_ARB_shader_clock GL_ARB_shader_draw_parameters GL_ARB_shader_group_vote GL_ARB_shader_image_load_store GL_ARB_shader_image_size GL_ARB_shader_objects GL_ARB_shader_precision GL_ARB_shader_stencil_export GL_ARB_shader_storage_buffer_object GL_ARB_shader_subroutine GL_ARB_shader_texture_image_samples GL_ARB_shader_texture_lod GL_ARB_shader_viewport_layer_array GL_ARB_shading_language_420pack GL_ARB_shading_language_include GL_ARB_shading_language_packing GL_ARB_spirv_extensions GL_ARB_stencil_texturing GL_ARB_sync GL_ARB_tessellation_shader GL_ARB_texture_barrier G
L_ARB_texture_border_clamp GL_ARB_texture_buffer_object GL_ARB_texture_buffer_object_rgb32 GL_ARB_texture_buffer_range GL_ARB_texture_compression_bptc GL_ARB_texture_compression_rgtc GL_ARB_texture_cube_map_array GL_ARB_texture_filter_anisotropic GL_ARB_texture_float GL_ARB_texture_gather GL_ARB_texture_mirror_clamp_to_edge GL_ARB_texture_multisample GL_ARB_texture_non_power_of_two GL_ARB_texture_query_levels GL_ARB_texture_query_lod GL_ARB_texture_rectangle GL_ARB_texture_rg GL_ARB_texture_rgb10_a2ui GL_ARB_texture_stencil8 GL_ARB_texture_storage GL_ARB_texture_storage_multisample GL_ARB_texture_swizzle GL_ARB_texture_view GL_ARB_timer_query GL_ARB_transform_feedback2 GL_ARB_transform_feedback3 GL_ARB_transform_feedback_instanced GL_ARB_transform_feedback_overflow_query GL_ARB_uniform_buffer_object GL_ARB_vertex_array_bgra GL_ARB_vertex_array_object GL_ARB_vertex_attrib_64bit GL_ARB_vertex_attrib_binding GL_ARB_vertex_buffer_object GL_ARB_vertex_shader GL_ARB_vertex_type_10f_11f_11f_rev GL_ARB_vertex_type_2
_10_10_10_rev GL_ARB_viewport_array GL_ATI_blend_equation_separate GL_ATI_texture_float GL_EXT_EGL_image_storage GL_EXT_EGL_image_storage_compression GL_EXT_EGL_sync GL_EXT_abgr GL_EXT_blend_equation_separate GL_EXT_debug_label GL_EXT_demote_to_helper_invocation GL_EXT_draw_buffers2 GL_EXT_draw_instanced GL_EXT_framebuffer_blit GL_EXT_framebuffer_multisample GL_EXT_framebuffer_multisample_blit_scaled GL_EXT_framebuffer_object GL_EXT_framebuffer_sRGB GL_EXT_memory_object GL_EXT_memory_object_fd GL_EXT_packed_depth_stencil GL_EXT_packed_float GL_EXT_pixel_buffer_object GL_EXT_polygon_offset_clamp GL_EXT_provoking_vertex GL_EXT_semaphore GL_EXT_semaphore_fd GL_EXT_shader_framebuffer_fetch GL_EXT_shader_framebuffer_fetch_non_coherent GL_EXT_shader_integer_mix GL_EXT_shader_samples_identical GL_EXT_texture_array GL_EXT_texture_compression_dxt1 GL_EXT_texture_compression_rgtc GL_EXT_texture_compression_s3tc GL_EXT_texture_filter_anisotropic GL_EXT_texture_integer GL_EXT_texture_sRGB GL_EXT_texture_sRGB_R8 GL_EXT_t
exture_sRGB_decode GL_EXT_texture_shadow_lod GL_EXT_texture_shared_exponent GL_EXT_texture_snorm GL_EXT_texture_storage GL_EXT_texture_swizzle GL_EXT_timer_query GL_EXT_transform_feedback GL_EXT_vertex_array_bgra GL_EXT_vertex_attrib_64bit GL_IBM_multimode_draw_arrays GL_INTEL_blackhole_render GL_INTEL_conservative_rasterization GL_INTEL_performance_query GL_INTEL_shader_atomic_float_minmax GL_INTEL_shader_integer_functions2 GL_KHR_blend_equation_advanced GL_KHR_blend_equation_advanced_coherent GL_KHR_context_flush_control GL_KHR_debug GL_KHR_no_error GL_KHR_parallel_shader_compile GL_KHR_robust_buffer_access_behavior GL_KHR_robustness GL_KHR_texture_compression_astc_ldr GL_KHR_texture_compression_astc_sliced_3d GL_MESA_framebuffer_flip_y GL_MESA_pack_invert GL_MESA_shader_integer_functions GL_MESA_texture_const_bandwidth GL_MESA_texture_signed_rgba GL_NV_alpha_to_coverage_dither_control GL_NV_compute_shader_derivatives GL_NV_conditional_render GL_NV_copy_image GL_NV_depth_clamp GL_NV_fragment_shader_interlo
ck GL_NV_packed_depth_stencil GL_NV_texture_barrier GL_OES_EGL_image GL_S3_s3tc
OPENGL LOG: Creating OpenGL 4.6 graphics device ; Context level  <OpenGL 4.5> ; Context handle -874610000
Shader Hidden/ProbeVolume/VoxelizeScene is not supported: GPU does not support conservative rasterization
Initialize mono
Mono path[0] = '/home/kn/Unity/Hub/Editor/6000.0.40f1/Editor/Data/Managed'
Mono path[1] = '/home/kn/Unity/Hub/Editor/6000.0.40f1/Editor/Data/MonoBleedingEdge/lib/mono/unityjit-linux'
Mono config path = '/home/kn/Unity/Hub/Editor/6000.0.40f1/Editor/Data/MonoBleedingEdge/etc'
Using monoOptions --debugger-agent=transport=dt_socket,embedding=1,server=y,suspend=n,address=127.0.0.1:56762
Begin MonoManager ReloadAssembly
Registering precompiled unity dll's ...
Register platform support module: /home/kn/Unity/Hub/Editor/6000.0.40f1/Editor/Data/PlaybackEngines/LinuxStandaloneSupport/UnityEditor.LinuxStandalone.Extensions.dll
Registered in 0,002750 seconds.
- Loaded All Assemblies, in  0,633 seconds
Native extension for LinuxStandalone target not found
Mono: successfully reloaded assembly
- Finished resetting the current domain, in  0,757 seconds
Domain Reload Profiling: 1391ms
	BeginReloadAssembly (128ms)
		ExecutionOrderSort (0ms)
		DisableScriptedObjects (0ms)
		BackupInstance (0ms)
		ReleaseScriptingObjects (0ms)
		CreateAndSetChildDomain (1ms)
	RebuildCommonClasses (74ms)
	RebuildNativeTypeToScriptingClass (19ms)
	initialDomainReloadingComplete (95ms)
	LoadAllAssembliesAndSetupDomain (317ms)
		LoadAssemblies (127ms)
		RebuildTransferFunctionScriptingTraits (0ms)
		AnalyzeDomain (313ms)
			TypeCache.Refresh (311ms)
				TypeCache.ScanAssembly (288ms)
			BuildScriptInfoCaches (0ms)
			ResolveRequiredComponents (1ms)
	FinalizeReload (758ms)
		ReleaseScriptCaches (0ms)
		RebuildScriptCaches (0ms)
		SetupLoadedEditorAssemblies (658ms)
			LogAssemblyErrors (0ms)
			InitializePlatformSupportModulesInManaged (45ms)
			SetLoadedEditorAssemblies (12ms)
			BeforeProcessingInitializeOnLoad (106ms)
			ProcessInitializeOnLoadAttributes (342ms)
			ProcessInitializeOnLoadMethodAttributes (153ms)
			AfterProcessingInitializeOnLoad (0ms)
			EditorAssembliesLoaded (0ms)
		ExecutionOrderSort2 (0ms)
		AwakeInstancesAfterBackupRestoration (0ms)
========================================================================
Worker process is ready to serve import requests
Import Worker Mode flag is 0x00
Begin MonoManager ReloadAssembly
- Loaded All Assemblies, in  1,418 seconds
Refreshing native plugins compatible for Editor in 0,95 ms, found 1 plugins.
Native extension for LinuxStandalone target not found
Mono: successfully reloaded assembly
- Finished resetting the current domain, in  1,496 seconds
Domain Reload Profiling: 2908ms
	BeginReloadAssembly (221ms)
		ExecutionOrderSort (0ms)
		DisableScriptedObjects (12ms)
		BackupInstance (0ms)
		ReleaseScriptingObjects (0ms)
		CreateAndSetChildDomain (52ms)
	RebuildCommonClasses (84ms)
	RebuildNativeTypeToScriptingClass (23ms)
	initialDomainReloadingComplete (102ms)
	LoadAllAssembliesAndSetupDomain (982ms)
		LoadAssemblies (505ms)
		RebuildTransferFunctionScriptingTraits (0ms)
		AnalyzeDomain (576ms)
			TypeCache.Refresh (434ms)
				TypeCache.ScanAssembly (401ms)
			BuildScriptInfoCaches (114ms)
			ResolveRequiredComponents (24ms)
	FinalizeReload (1496ms)
		ReleaseScriptCaches (0ms)
		RebuildScriptCaches (0ms)
		SetupLoadedEditorAssemblies (1256ms)
			LogAssemblyErrors (0ms)
			InitializePlatformSupportModulesInManaged (5ms)
			SetLoadedEditorAssemblies (8ms)
			BeforeProcessingInitializeOnLoad (258ms)
			ProcessInitializeOnLoadAttributes (745ms)
			ProcessInitializeOnLoadMethodAttributes (233ms)
			AfterProcessingInitializeOnLoad (6ms)
			EditorAssembliesLoaded (0ms)
		ExecutionOrderSort2 (0ms)
		AwakeInstancesAfterBackupRestoration (7ms)
Shader Hidden/ProbeVolume/VoxelizeScene is not supported: GPU does not support conservative rasterization
AutoLocale: current locale expects 'C' but got 'bg_BG.UTF-8'Launched and connected shader compiler UnityShaderCompiler after 0.02 seconds
Refreshing native plugins compatible for Editor in 1.09 ms, found 1 plugins.
Preloading 0 native plugins for Editor in 0.00 ms.
Unloading 206 Unused Serialized files (Serialized files now loaded: 0)
Unloading 6555 unused Assets / (6.9 MB). Loaded Objects now: 7253.
Memory consumption went from 159.6 MB to 152.7 MB.
Total: 29.348014 ms (FindLiveObjects: 1.097020 ms CreateObjectMapping: 2.051659 ms MarkObjects: 16.610407 ms  DeleteObjects: 9.586836 ms)

========================================================================
Received Import Request.
  Time since last request: 201.998259 seconds.
  path: Assets/InputSystem_Actions.inputactions
  artifactKey: Guid(2bcd2660ca9b64942af0de543d8d7100) Importer(815301076,1909f56bfc062723c751e8b465ee728b)
Start importing Assets/InputSystem_Actions.inputactions using Guid(2bcd2660ca9b64942af0de543d8d7100) Importer(815301076,1909f56bfc062723c751e8b465ee728b) (PreviewImporter) -> (artifact id: '1526cf67c1d1aaa9a72597cdbc7bb0b0') in 0.048429876 seconds
Number of updated asset objects reloaded before import = 0Number of asset objects unloaded after import = 19

========================================================================
Received Import Request.
  Time since last request: 0.000016 seconds.
  path: Assets/Scenes
  artifactKey: Guid(109e9bdd0fcc649c5bc59085c35bdc83) Importer(815301076,1909f56bfc062723c751e8b465ee728b)
Start importing Assets/Scenes using Guid(109e9bdd0fcc649c5bc59085c35bdc83) Importer(815301076,1909f56bfc062723c751e8b465ee728b) (PreviewImporter) -> (artifact id: 'afdff4c3a2fdaa6f8b2ca806ac4aa93d') in 0.000515337 seconds
Number of updated asset objects reloaded before import = 0Number of asset objects unloaded after import = 0

========================================================================
Received Import Request.
  Time since last request: 0.000016 seconds.
  path: Assets/Scenes/SampleScene.unity
  artifactKey: Guid(8c9cfa26abfee488c85f1582747f6a02) Importer(815301076,1909f56bfc062723c751e8b465ee728b)
Start importing Assets/Scenes/SampleScene.unity using Guid(8c9cfa26abfee488c85f1582747f6a02) Importer(815301076,1909f56bfc062723c751e8b465ee728b) (PreviewImporter) -> (artifact id: '7d51a32e5ea93ceb2fe50ac45b94fea2') in 0.000506965 seconds
Number of updated asset objects reloaded before import = 0Number of asset objects unloaded after import = 0

========================================================================
Received Import Request.
  Time since last request: 0.000017 seconds.
  path: Assets/UniversalRenderPipelineGlobalSettings.asset
  artifactKey: Guid(93b439a37f63240aca3dd4e01d978a9f) Importer(815301076,1909f56bfc062723c751e8b465ee728b)
Start importing Assets/UniversalRenderPipelineGlobalSettings.asset using Guid(93b439a37f63240aca3dd4e01d978a9f) Importer(815301076,1909f56bfc062723c751e8b465ee728b) (PreviewImporter) -> (artifact id: '00c025d2039ced57596f58dea75cb28a') in 0.000888959 seconds
Number of updated asset objects reloaded before import = 0Number of asset objects unloaded after import = 0

========================================================================
Received Import Request.
  Time since last request: 0.000016 seconds.
  path: Assets/DefaultVolumeProfile.asset
  artifactKey: Guid(3f9215ea0144899419cfbc0957140d3f) Importer(815301076,1909f56bfc062723c751e8b465ee728b)
Start importing Assets/DefaultVolumeProfile.asset using Guid(3f9215ea0144899419cfbc0957140d3f) Importer(815301076,1909f56bfc062723c751e8b465ee728b) (PreviewImporter) -> (artifact id: '1e3ee85287093c2e01e2184a29fd3edf') in 0.001137592 seconds
Number of updated asset objects reloaded before import = 0Number of asset objects unloaded after import = 0

========================================================================
Received Prepare
Begin MonoManager ReloadAssembly
- Loaded All Assemblies, in  1.104 seconds
Refreshing native plugins compatible for Editor in 0.90 ms, found 1 plugins.
Native extension for LinuxStandalone target not found
Mono: successfully reloaded assembly
- Finished resetting the current domain, in  1.604 seconds
Domain Reload Profiling: 2716ms
	BeginReloadAssembly (282ms)
		ExecutionOrderSort (0ms)
		DisableScriptedObjects (29ms)
		BackupInstance (0ms)
		ReleaseScriptingObjects (0ms)
		CreateAndSetChildDomain (95ms)
	RebuildCommonClasses (65ms)
	RebuildNativeTypeToScriptingClass (16ms)
	initialDomainReloadingComplete (45ms)
	LoadAllAssembliesAndSetupDomain (704ms)
		LoadAssemblies (444ms)
		RebuildTransferFunctionScriptingTraits (0ms)
		AnalyzeDomain (348ms)
			TypeCache.Refresh (11ms)
				TypeCache.ScanAssembly (0ms)
			BuildScriptInfoCaches (315ms)
			ResolveRequiredComponents (19ms)
	FinalizeReload (1605ms)
		ReleaseScriptCaches (0ms)
		RebuildScriptCaches (0ms)
		SetupLoadedEditorAssemblies (1236ms)
			LogAssemblyErrors (0ms)
			InitializePlatformSupportModulesInManaged (5ms)
			SetLoadedEditorAssemblies (8ms)
			BeforeProcessingInitializeOnLoad (248ms)
			ProcessInitializeOnLoadAttributes (821ms)
			ProcessInitializeOnLoadMethodAttributes (146ms)
			AfterProcessingInitializeOnLoad (7ms)
			EditorAssembliesLoaded (1ms)
		ExecutionOrderSort2 (0ms)
		AwakeInstancesAfterBackupRestoration (26ms)
Shader Hidden/ProbeVolume/VoxelizeScene is not supported: GPU does not support conservative rasterization
Refreshing native plugins compatible for Editor in 1.02 ms, found 1 plugins.
Preloading 0 native plugins for Editor in 0.00 ms.
Unloading 13 Unused Serialized files (Serialized files now loaded: 0)
Unloading 6553 unused Assets / (5.0 MB). Loaded Objects now: 7259.
Memory consumption went from 130.4 MB to 125.4 MB.
Total: 19.732081 ms (FindLiveObjects: 1.727790 ms CreateObjectMapping: 2.319790 ms MarkObjects: 10.538300 ms  DeleteObjects: 5.144467 ms)

Prepare: number of updated asset objects reloaded= 0
========================================================================
Received Import Request.
  Time since last request: 25.222132 seconds.
  path: Assets/Scripts
  artifactKey: Guid(989ca6ef82a34abf2a8979f0818a72a6) Importer(815301076,1909f56bfc062723c751e8b465ee728b)
Start importing Assets/Scripts using Guid(989ca6ef82a34abf2a8979f0818a72a6) Importer(815301076,1909f56bfc062723c751e8b465ee728b) (PreviewImporter) -> (artifact id: '9ecfc54b343d760acf8004b3179d3a37') in 0.007169506 seconds
Number of updated asset objects reloaded before import = 0Number of asset objects unloaded after import = 0

========================================================================
Received Import Request.
  Time since last request: 10.584169 seconds.
  path: Assets/Scripts/Roomgen.cs
  artifactKey: Guid(d8764bb58e22f525c9fd145124688fcd) Importer(815301076,1909f56bfc062723c751e8b465ee728b)
Start importing Assets/Scripts/Roomgen.cs using Guid(d8764bb58e22f525c9fd145124688fcd) Importer(815301076,1909f56bfc062723c751e8b465ee728b) (PreviewImporter) -> (artifact id: 'a5cf15cdf03c8bb441ca88ae0644a1b9') in 0.000589394 seconds
Number of updated asset objects reloaded before import = 0Number of asset objects unloaded after import = 0

========================================================================
Received Prepare
Begin MonoManager ReloadAssembly
- Loaded All Assemblies, in  1.083 seconds
Refreshing native plugins compatible for Editor in 0.89 ms, found 1 plugins.
Native extension for LinuxStandalone target not found
Mono: successfully reloaded assembly
- Finished resetting the current domain, in  1.387 seconds
Domain Reload Profiling: 2472ms
	BeginReloadAssembly (269ms)
		ExecutionOrderSort (0ms)
		DisableScriptedObjects (26ms)
		BackupInstance (0ms)
		ReleaseScriptingObjects (0ms)
		CreateAndSetChildDomain (94ms)
	RebuildCommonClasses (68ms)
	RebuildNativeTypeToScriptingClass (16ms)
	initialDomainReloadingComplete (43ms)
	LoadAllAssembliesAndSetupDomain (687ms)
		LoadAssemblies (434ms)
		RebuildTransferFunctionScriptingTraits (0ms)
		AnalyzeDomain (342ms)
			TypeCache.Refresh (16ms)
				TypeCache.ScanAssembly (0ms)
			BuildScriptInfoCaches (304ms)
			ResolveRequiredComponents (19ms)
	FinalizeReload (1388ms)
		ReleaseScriptCaches (0ms)
		RebuildScriptCaches (0ms)
		SetupLoadedEditorAssemblies (1045ms)
			LogAssemblyErrors (0ms)
			InitializePlatformSupportModulesInManaged (5ms)
			SetLoadedEditorAssemblies (8ms)
			BeforeProcessingInitializeOnLoad (256ms)
			ProcessInitializeOnLoadAttributes (650ms)
			ProcessInitializeOnLoadMethodAttributes (119ms)
			AfterProcessingInitializeOnLoad (6ms)
			EditorAssembliesLoaded (0ms)
		ExecutionOrderSort2 (0ms)
		AwakeInstancesAfterBackupRestoration (18ms)
Shader Hidden/ProbeVolume/VoxelizeScene is not supported: GPU does not support conservative rasterization
Refreshing native plugins compatible for Editor in 0.90 ms, found 1 plugins.
Preloading 0 native plugins for Editor in 0.00 ms.
Unloading 13 Unused Serialized files (Serialized files now loaded: 0)
Unloading 6553 unused Assets / (5.9 MB). Loaded Objects now: 7261.
Memory consumption went from 130.4 MB to 124.6 MB.
Total: 16.681588 ms (FindLiveObjects: 1.075112 ms CreateObjectMapping: 1.579774 ms MarkObjects: 9.384863 ms  DeleteObjects: 4.640309 ms)

Prepare: number of updated asset objects reloaded= 0
========================================================================
Received Prepare
Begin MonoManager ReloadAssembly
- Loaded All Assemblies, in  1.106 seconds
Refreshing native plugins compatible for Editor in 0.95 ms, found 1 plugins.
Native extension for LinuxStandalone target not found
Mono: successfully reloaded assembly
- Finished resetting the current domain, in  1.651 seconds
Domain Reload Profiling: 2760ms
	BeginReloadAssembly (257ms)
		ExecutionOrderSort (0ms)
		DisableScriptedObjects (25ms)
		BackupInstance (0ms)
		ReleaseScriptingObjects (0ms)
		CreateAndSetChildDomain (88ms)
	RebuildCommonClasses (65ms)
	RebuildNativeTypeToScriptingClass (16ms)
	initialDomainReloadingComplete (45ms)
	LoadAllAssembliesAndSetupDomain (723ms)
		LoadAssemblies (448ms)
		RebuildTransferFunctionScriptingTraits (0ms)
		AnalyzeDomain (353ms)
			TypeCache.Refresh (11ms)
				TypeCache.ScanAssembly (0ms)
			BuildScriptInfoCaches (317ms)
			ResolveRequiredComponents (20ms)
	FinalizeReload (1653ms)
		ReleaseScriptCaches (0ms)
		RebuildScriptCaches (0ms)
		SetupLoadedEditorAssemblies (1283ms)
			LogAssemblyErrors (0ms)
			InitializePlatformSupportModulesInManaged (5ms)
			SetLoadedEditorAssemblies (9ms)
			BeforeProcessingInitializeOnLoad (209ms)
			ProcessInitializeOnLoadAttributes (886ms)
			ProcessInitializeOnLoadMethodAttributes (165ms)
			AfterProcessingInitializeOnLoad (8ms)
			EditorAssembliesLoaded (1ms)
		ExecutionOrderSort2 (0ms)
		AwakeInstancesAfterBackupRestoration (26ms)
Shader Hidden/ProbeVolume/VoxelizeScene is not supported: GPU does not support conservative rasterization
Refreshing native plugins compatible for Editor in 1.21 ms, found 1 plugins.
Preloading 0 native plugins for Editor in 0.00 ms.
Unloading 13 Unused Serialized files (Serialized files now loaded: 0)
Unloading 6553 unused Assets / (6.0 MB). Loaded Objects now: 7263.
Memory consumption went from 130.4 MB to 124.5 MB.
Total: 27.354947 ms (FindLiveObjects: 1.166283 ms CreateObjectMapping: 3.037364 ms MarkObjects: 17.118513 ms  DeleteObjects: 6.030288 ms)

Prepare: number of updated asset objects reloaded= 0
========================================================================
Received Import Request.
  Time since last request: 114.430541 seconds.
  path: Assets/Rooms
  artifactKey: Guid(995bb62b4e8493d1094837d473a46be4) Importer(815301076,1909f56bfc062723c751e8b465ee728b)
Start importing Assets/Rooms using Guid(995bb62b4e8493d1094837d473a46be4) Importer(815301076,1909f56bfc062723c751e8b465ee728b) (PreviewImporter) -> (artifact id: 'e07b1d4bb21e83b04dffab8007b2adb9') in 0.016778898 seconds
Number of updated asset objects reloaded before import = 0Number of asset objects unloaded after import = 0

========================================================================
Received Import Request.
  Time since last request: 0.000021 seconds.
  path: Assets/Rooms/LeftUp.prefab
  artifactKey: Guid(922ff77d9f59778449c502473beeb177) Importer(815301076,1909f56bfc062723c751e8b465ee728b)
Start importing Assets/Rooms/LeftUp.prefab using Guid(922ff77d9f59778449c502473beeb177) Importer(815301076,1909f56bfc062723c751e8b465ee728b) (PreviewImporter) -> (artifact id: 'e70752f65fd45d98ac7da65435f85421') in 0.89370955 seconds
Number of updated asset objects reloaded before import = 0Number of asset objects unloaded after import = 86

========================================================================
Received Import Request.
  Time since last request: 0.000047 seconds.
  path: Assets/Rooms/RightDown.prefab
  artifactKey: Guid(cbbb632feba649292a487f033f2281cb) Importer(815301076,1909f56bfc062723c751e8b465ee728b)
Start importing Assets/Rooms/RightDown.prefab using Guid(cbbb632feba649292a487f033f2281cb) Importer(815301076,1909f56bfc062723c751e8b465ee728b) (PreviewImporter) -> (artifact id: '57bc46e37ed999aaf9a72ee045148f59') in 0.013654728 seconds
Number of updated asset objects reloaded before import = 0Number of asset objects unloaded after import = 86

========================================================================
Received Import Request.
  Time since last request: 43.155966 seconds.
  path: Assets/Rooms/DownRight.prefab
  artifactKey: Guid(f21349f76f7089af4aa0b20b718fb377) Importer(815301076,1909f56bfc062723c751e8b465ee728b)
Start importing Assets/Rooms/DownRight.prefab using Guid(f21349f76f7089af4aa0b20b718fb377) Importer(815301076,1909f56bfc062723c751e8b465ee728b) (PreviewImporter) -> (artifact id: '7884ccac40a9b04c637e0a3ea4f47bff') in 0.015139074 seconds
Number of updated asset objects reloaded before import = 0Number of asset objects unloaded after import = 91

========================================================================
Received Import Request.
  Time since last request: 0.000030 seconds.
  path: Assets/Rooms/LeftUp.prefab
  artifactKey: Guid(922ff77d9f59778449c502473beeb177) Importer(815301076,1909f56bfc062723c751e8b465ee728b)
Start importing Assets/Rooms/LeftUp.prefab using Guid(922ff77d9f59778449c502473beeb177) Importer(815301076,1909f56bfc062723c751e8b465ee728b) (PreviewImporter) -> (artifact id: '41ac84e8a732c99cec7ad366b03ada9b') in 0.01728206 seconds
Number of updated asset objects reloaded before import = 0Number of asset objects unloaded after import = 91

========================================================================
Received Import Request.
  Time since last request: 0.000052 seconds.
  path: Assets/Rooms/UpRight.prefab
  artifactKey: Guid(098741f794037f2faa1cf007a6c2d6ac) Importer(815301076,1909f56bfc062723c751e8b465ee728b)
Start importing Assets/Rooms/UpRight.prefab using Guid(098741f794037f2faa1cf007a6c2d6ac) Importer(815301076,1909f56bfc062723c751e8b465ee728b) (PreviewImporter) -> (artifact id: '37209ec63692eed97e8cf0ec5561f20b') in 0.013355777 seconds
Number of updated asset objects reloaded before import = 0Number of asset objects unloaded after import = 91

========================================================================
Received Import Request.
  Time since last request: 7.201858 seconds.
  path: Assets/Rooms/DownRight.prefab
  artifactKey: Guid(f21349f76f7089af4aa0b20b718fb377) Importer(815301076,1909f56bfc062723c751e8b465ee728b)
Start importing Assets/Rooms/DownRight.prefab using Guid(f21349f76f7089af4aa0b20b718fb377) Importer(815301076,1909f56bfc062723c751e8b465ee728b) (PreviewImporter) -> (artifact id: 'ccdb44e8d9898c178d42a8acb4efc484') in 0.012603452 seconds
Number of updated asset objects reloaded before import = 0Number of asset objects unloaded after import = 91

========================================================================
Received Import Request.
  Time since last request: 0.000033 seconds.
  path: Assets/Rooms/LeftUp.prefab
  artifactKey: Guid(922ff77d9f59778449c502473beeb177) Importer(815301076,1909f56bfc062723c751e8b465ee728b)
Start importing Assets/Rooms/LeftUp.prefab using Guid(922ff77d9f59778449c502473beeb177) Importer(815301076,1909f56bfc062723c751e8b465ee728b) (PreviewImporter) -> (artifact id: '477b9777e7dec2c3cc6ec089b9095149') in 0.014744855 seconds
Number of updated asset objects reloaded before import = 0Number of asset objects unloaded after import = 91

========================================================================
Received Import Request.
  Time since last request: 0.000042 seconds.
  path: Assets/Rooms/RightDown.prefab
  artifactKey: Guid(cbbb632feba649292a487f033f2281cb) Importer(815301076,1909f56bfc062723c751e8b465ee728b)
Start importing Assets/Rooms/RightDown.prefab using Guid(cbbb632feba649292a487f033f2281cb) Importer(815301076,1909f56bfc062723c751e8b465ee728b) (PreviewImporter) -> (artifact id: 'c9527c31202ea48316afa3a502485484') in 0.01545284 seconds
Number of updated asset objects reloaded before import = 0Number of asset objects unloaded after import = 91

========================================================================
Received Import Request.
  Time since last request: 10.532243 seconds.
  path: Assets/Rooms/DownRight.prefab
  artifactKey: Guid(f21349f76f7089af4aa0b20b718fb377) Importer(815301076,1909f56bfc062723c751e8b465ee728b)
Start importing Assets/Rooms/DownRight.prefab using Guid(f21349f76f7089af4aa0b20b718fb377) Importer(815301076,1909f56bfc062723c751e8b465ee728b) (PreviewImporter) -> (artifact id: '2f510f4888b0d2ea2a5670a1924b96c8') in 0.015750214 seconds
Number of updated asset objects reloaded before import = 0Number of asset objects unloaded after import = 91

========================================================================
Received Import Request.
  Time since last request: 0.000035 seconds.
  path: Assets/Rooms/UpDown.prefab
  artifactKey: Guid(04329ce80de2a062485d9bf0c26788de) Importer(815301076,1909f56bfc062723c751e8b465ee728b)
Start importing Assets/Rooms/UpDown.prefab using Guid(04329ce80de2a062485d9bf0c26788de) Importer(815301076,1909f56bfc062723c751e8b465ee728b) (PreviewImporter) -> (artifact id: '1c18c54c79bd692d0224b7e31bca905e') in 0.015065116 seconds
Number of updated asset objects reloaded before import = 0Number of asset objects unloaded after import = 91

========================================================================
Received Import Request.
  Time since last request: 0.000056 seconds.
  path: Assets/Rooms/UpRight.prefab
  artifactKey: Guid(098741f794037f2faa1cf007a6c2d6ac) Importer(815301076,1909f56bfc062723c751e8b465ee728b)
Start importing Assets/Rooms/UpRight.prefab using Guid(098741f794037f2faa1cf007a6c2d6ac) Importer(815301076,1909f56bfc062723c751e8b465ee728b) (PreviewImporter) -> (artifact id: 'feeaa49fde2ae7c43da06829b604a9c8') in 0.014310973 seconds
Number of updated asset objects reloaded before import = 0Number of asset objects unloaded after import = 91

========================================================================
Received Import Request.
  Time since last request: 4.302511 seconds.
  path: Assets/Rooms/DownRight.prefab
  artifactKey: Guid(f21349f76f7089af4aa0b20b718fb377) Importer(815301076,1909f56bfc062723c751e8b465ee728b)
Start importing Assets/Rooms/DownRight.prefab using Guid(f21349f76f7089af4aa0b20b718fb377) Importer(815301076,1909f56bfc062723c751e8b465ee728b) (PreviewImporter) -> (artifact id: 'c7fb4671d2ae2199a8fcfa362ceaf567') in 0.017385409 seconds
Number of updated asset objects reloaded before import = 0Number of asset objects unloaded after import = 91

========================================================================
Received Import Request.
  Time since last request: 0.000039 seconds.
  path: Assets/Rooms/UpDown.prefab
  artifactKey: Guid(04329ce80de2a062485d9bf0c26788de) Importer(815301076,1909f56bfc062723c751e8b465ee728b)
Start importing Assets/Rooms/UpDown.prefab using Guid(04329ce80de2a062485d9bf0c26788de) Importer(815301076,1909f56bfc062723c751e8b465ee728b) (PreviewImporter) -> (artifact id: '77b0df4aab2d80193ac37900297c2ad9') in 0.014286589 seconds
Number of updated asset objects reloaded before import = 0Number of asset objects unloaded after import = 91

========================================================================
Received Import Request.
  Time since last request: 0.000040 seconds.
  path: Assets/Rooms/RightDown.prefab
  artifactKey: Guid(cbbb632feba649292a487f033f2281cb) Importer(815301076,1909f56bfc062723c751e8b465ee728b)
Start importing Assets/Rooms/RightDown.prefab using Guid(cbbb632feba649292a487f033f2281cb) Importer(815301076,1909f56bfc062723c751e8b465ee728b) (PreviewImporter) -> (artifact id: '7853eec4d8e8e0d53d4be69d7caabbdb') in 0.01491071 seconds
Number of updated asset objects reloaded before import = 0Number of asset objects unloaded after import = 91

========================================================================
Received Import Request.
  Time since last request: 11.862765 seconds.
  path: Assets/Rooms/DownRight.prefab
  artifactKey: Guid(f21349f76f7089af4aa0b20b718fb377) Importer(815301076,1909f56bfc062723c751e8b465ee728b)
Start importing Assets/Rooms/DownRight.prefab using Guid(f21349f76f7089af4aa0b20b718fb377) Importer(815301076,1909f56bfc062723c751e8b465ee728b) (PreviewImporter) -> (artifact id: 'c9b0442a459c683c64283baa70ef1a98') in 0.012584998 seconds
Number of updated asset objects reloaded before import = 0Number of asset objects unloaded after import = 91

========================================================================
Received Import Request.
  Time since last request: 0.000033 seconds.
  path: Assets/Rooms/LeftUp.prefab
  artifactKey: Guid(922ff77d9f59778449c502473beeb177) Importer(815301076,1909f56bfc062723c751e8b465ee728b)
Start importing Assets/Rooms/LeftUp.prefab using Guid(922ff77d9f59778449c502473beeb177) Importer(815301076,1909f56bfc062723c751e8b465ee728b) (PreviewImporter) -> (artifact id: '2426f317714ced8999db39496211ab77') in 0.011793825 seconds
Number of updated asset objects reloaded before import = 0Number of asset objects unloaded after import = 91

========================================================================
Received Import Request.
  Time since last request: 0.000033 seconds.
  path: Assets/Rooms/RightDown.prefab
  artifactKey: Guid(cbbb632feba649292a487f033f2281cb) Importer(815301076,1909f56bfc062723c751e8b465ee728b)
Start importing Assets/Rooms/RightDown.prefab using Guid(cbbb632feba649292a487f033f2281cb) Importer(815301076,1909f56bfc062723c751e8b465ee728b) (PreviewImporter) -> (artifact id: '56da77c0b1e7bad5b6a5ec5d03f66d77') in 0.013692215 seconds
Number of updated asset objects reloaded before import = 0Number of asset objects unloaded after import = 91

========================================================================
Received Import Request.
  Time since last request: 6.585955 seconds.
  path: Assets/Rooms/DownRight.prefab
  artifactKey: Guid(f21349f76f7089af4aa0b20b718fb377) Importer(815301076,1909f56bfc062723c751e8b465ee728b)
Start importing Assets/Rooms/DownRight.prefab using Guid(f21349f76f7089af4aa0b20b718fb377) Importer(815301076,1909f56bfc062723c751e8b465ee728b) (PreviewImporter) -> (artifact id: '16bd17aded74c6ee6abd35982501c53f') in 0.01258452 seconds
Number of updated asset objects reloaded before import = 0Number of asset objects unloaded after import = 91

========================================================================
Received Import Request.
  Time since last request: 0.000040 seconds.
  path: Assets/Rooms/UpDown.prefab
  artifactKey: Guid(04329ce80de2a062485d9bf0c26788de) Importer(815301076,1909f56bfc062723c751e8b465ee728b)
Start importing Assets/Rooms/UpDown.prefab using Guid(04329ce80de2a062485d9bf0c26788de) Importer(815301076,1909f56bfc062723c751e8b465ee728b) (PreviewImporter) -> (artifact id: 'f520e33129b005ca43af650baf1c439c') in 0.012350408 seconds
Number of updated asset objects reloaded before import = 0Number of asset objects unloaded after import = 91

========================================================================
Received Import Request.
  Time since last request: 0.000044 seconds.
  path: Assets/Rooms/RightDown.prefab
  artifactKey: Guid(cbbb632feba649292a487f033f2281cb) Importer(815301076,1909f56bfc062723c751e8b465ee728b)
Start importing Assets/Rooms/RightDown.prefab using Guid(cbbb632feba649292a487f033f2281cb) Importer(815301076,1909f56bfc062723c751e8b465ee728b) (PreviewImporter) -> (artifact id: '153bac81064721fe9970e2252b53ef19') in 0.011505512 seconds
Number of updated asset objects reloaded before import = 0Number of asset objects unloaded after import = 91

========================================================================
Received Import Request.
  Time since last request: 6.346300 seconds.
  path: Assets/Rooms/DownRight.prefab
  artifactKey: Guid(f21349f76f7089af4aa0b20b718fb377) Importer(815301076,1909f56bfc062723c751e8b465ee728b)
Start importing Assets/Rooms/DownRight.prefab using Guid(f21349f76f7089af4aa0b20b718fb377) Importer(815301076,1909f56bfc062723c751e8b465ee728b) (PreviewImporter) -> (artifact id: '1b2aaedae62371934fdaac16c9512bf6') in 0.017624546 seconds
Number of updated asset objects reloaded before import = 0Number of asset objects unloaded after import = 91

========================================================================
Received Import Request.
  Time since last request: 0.000037 seconds.
  path: Assets/Rooms/LeftUp.prefab
  artifactKey: Guid(922ff77d9f59778449c502473beeb177) Importer(815301076,1909f56bfc062723c751e8b465ee728b)
Start importing Assets/Rooms/LeftUp.prefab using Guid(922ff77d9f59778449c502473beeb177) Importer(815301076,1909f56bfc062723c751e8b465ee728b) (PreviewImporter) -> (artifact id: '55a823270a384acf86b82108b0c6e796') in 0.012697242 seconds
Number of updated asset objects reloaded before import = 0Number of asset objects unloaded after import = 91

========================================================================
Received Import Request.
  Time since last request: 0.000056 seconds.
  path: Assets/Rooms/RightDown.prefab
  artifactKey: Guid(cbbb632feba649292a487f033f2281cb) Importer(815301076,1909f56bfc062723c751e8b465ee728b)
Start importing Assets/Rooms/RightDown.prefab using Guid(cbbb632feba649292a487f033f2281cb) Importer(815301076,1909f56bfc062723c751e8b465ee728b) (PreviewImporter) -> (artifact id: 'd4779f8cf7445544d4a6d8cb76ce5cc5') in 0.018384431 seconds
Number of updated asset objects reloaded before import = 0Number of asset objects unloaded after import = 91

========================================================================
Received Import Request.
  Time since last request: 5.925590 seconds.
  path: Assets/Rooms/DownRight.prefab
  artifactKey: Guid(f21349f76f7089af4aa0b20b718fb377) Importer(815301076,1909f56bfc062723c751e8b465ee728b)
Start importing Assets/Rooms/DownRight.prefab using Guid(f21349f76f7089af4aa0b20b718fb377) Importer(815301076,1909f56bfc062723c751e8b465ee728b) (PreviewImporter) -> (artifact id: '64af7438b84064bf6a77f932e35c9308') in 0.020374795 seconds
Number of updated asset objects reloaded before import = 0Number of asset objects unloaded after import = 91

========================================================================
Received Import Request.
  Time since last request: 0.000035 seconds.
  path: Assets/Rooms/UpDown.prefab
  artifactKey: Guid(04329ce80de2a062485d9bf0c26788de) Importer(815301076,1909f56bfc062723c751e8b465ee728b)
Start importing Assets/Rooms/UpDown.prefab using Guid(04329ce80de2a062485d9bf0c26788de) Importer(815301076,1909f56bfc062723c751e8b465ee728b) (PreviewImporter) -> (artifact id: 'f589352a444b3d14326f18aa3d0907f6') in 0.013594487 seconds
Number of updated asset objects reloaded before import = 0Number of asset objects unloaded after import = 91

========================================================================
Received Import Request.
  Time since last request: 0.000049 seconds.
  path: Assets/Rooms/UpRight.prefab
  artifactKey: Guid(098741f794037f2faa1cf007a6c2d6ac) Importer(815301076,1909f56bfc062723c751e8b465ee728b)
Start importing Assets/Rooms/UpRight.prefab using Guid(098741f794037f2faa1cf007a6c2d6ac) Importer(815301076,1909f56bfc062723c751e8b465ee728b) (PreviewImporter) -> (artifact id: 'f3940c5c0ae3a2766a4c6eca56d4d852') in 0.011235374 seconds
Number of updated asset objects reloaded before import = 0Number of asset objects unloaded after import = 91

========================================================================
Received Import Request.
  Time since last request: 8.916243 seconds.
  path: Assets/Rooms/DownRight.prefab
  artifactKey: Guid(f21349f76f7089af4aa0b20b718fb377) Importer(815301076,1909f56bfc062723c751e8b465ee728b)
Start importing Assets/Rooms/DownRight.prefab using Guid(f21349f76f7089af4aa0b20b718fb377) Importer(815301076,1909f56bfc062723c751e8b465ee728b) (PreviewImporter) -> (artifact id: '8710cf6e69b1736d3a6c251d6dd75269') in 0.012339426 seconds
Number of updated asset objects reloaded before import = 0Number of asset objects unloaded after import = 91

========================================================================
Received Import Request.
  Time since last request: 0.000043 seconds.
  path: Assets/Rooms/LeftUp.prefab
  artifactKey: Guid(922ff77d9f59778449c502473beeb177) Importer(815301076,1909f56bfc062723c751e8b465ee728b)
Start importing Assets/Rooms/LeftUp.prefab using Guid(922ff77d9f59778449c502473beeb177) Importer(815301076,1909f56bfc062723c751e8b465ee728b) (PreviewImporter) -> (artifact id: 'a2193ce3fe1a11771356aa7fff852833') in 0.012316186 seconds
Number of updated asset objects reloaded before import = 0Number of asset objects unloaded after import = 91

========================================================================
Received Import Request.
  Time since last request: 0.000049 seconds.
  path: Assets/Rooms/RightDown.prefab
  artifactKey: Guid(cbbb632feba649292a487f033f2281cb) Importer(815301076,1909f56bfc062723c751e8b465ee728b)
Start importing Assets/Rooms/RightDown.prefab using Guid(cbbb632feba649292a487f033f2281cb) Importer(815301076,1909f56bfc062723c751e8b465ee728b) (PreviewImporter) -> (artifact id: 'e07adc4d880ccfb0daa61cc405c0718e') in 0.011091227 seconds
Number of updated asset objects reloaded before import = 0Number of asset objects unloaded after import = 91

========================================================================
Received Import Request.
  Time since last request: 3.507215 seconds.
  path: Assets/Rooms/DownRight.prefab
  artifactKey: Guid(f21349f76f7089af4aa0b20b718fb377) Importer(815301076,1909f56bfc062723c751e8b465ee728b)
Start importing Assets/Rooms/DownRight.prefab using Guid(f21349f76f7089af4aa0b20b718fb377) Importer(815301076,1909f56bfc062723c751e8b465ee728b) (PreviewImporter) -> (artifact id: '79367e8e6f3b407a8b4ea261151337bb') in 0.013757404 seconds
Number of updated asset objects reloaded before import = 0Number of asset objects unloaded after import = 91

========================================================================
Received Import Request.
  Time since last request: 0.000029 seconds.
  path: Assets/Rooms/UpDown.prefab
  artifactKey: Guid(04329ce80de2a062485d9bf0c26788de) Importer(815301076,1909f56bfc062723c751e8b465ee728b)
Start importing Assets/Rooms/UpDown.prefab using Guid(04329ce80de2a062485d9bf0c26788de) Importer(815301076,1909f56bfc062723c751e8b465ee728b) (PreviewImporter) -> (artifact id: '16847c2a6a8b19fe56346991021d07ac') in 0.012390339 seconds
Number of updated asset objects reloaded before import = 0Number of asset objects unloaded after import = 91

========================================================================
Received Import Request.
  Time since last request: 0.000081 seconds.
  path: Assets/Rooms/UpRight.prefab
  artifactKey: Guid(098741f794037f2faa1cf007a6c2d6ac) Importer(815301076,1909f56bfc062723c751e8b465ee728b)
Start importing Assets/Rooms/UpRight.prefab using Guid(098741f794037f2faa1cf007a6c2d6ac) Importer(815301076,1909f56bfc062723c751e8b465ee728b) (PreviewImporter) -> (artifact id: '8532f3c735c56f53274f00c6499d895d') in 0.018687036 seconds
Number of updated asset objects reloaded before import = 0Number of asset objects unloaded after import = 91

========================================================================
Received Import Request.
  Time since last request: 5.803115 seconds.
  path: Assets/Rooms/DownRight.prefab
  artifactKey: Guid(f21349f76f7089af4aa0b20b718fb377) Importer(815301076,1909f56bfc062723c751e8b465ee728b)
Start importing Assets/Rooms/DownRight.prefab using Guid(f21349f76f7089af4aa0b20b718fb377) Importer(815301076,1909f56bfc062723c751e8b465ee728b) (PreviewImporter) -> (artifact id: '99774e7732cd4dac9f2a820d202ac1ec') in 0.012823095 seconds
Number of updated asset objects reloaded before import = 0Number of asset objects unloaded after import = 91

========================================================================
Received Import Request.
  Time since last request: 0.000033 seconds.
  path: Assets/Rooms/LeftUp.prefab
  artifactKey: Guid(922ff77d9f59778449c502473beeb177) Importer(815301076,1909f56bfc062723c751e8b465ee728b)
Start importing Assets/Rooms/LeftUp.prefab using Guid(922ff77d9f59778449c502473beeb177) Importer(815301076,1909f56bfc062723c751e8b465ee728b) (PreviewImporter) -> (artifact id: '45e282fd012f6bfb4c2a9065a319343a') in 0.012874101 seconds
Number of updated asset objects reloaded before import = 0Number of asset objects unloaded after import = 91

========================================================================
Received Import Request.
  Time since last request: 0.000054 seconds.
  path: Assets/Rooms/RightDown.prefab
  artifactKey: Guid(cbbb632feba649292a487f033f2281cb) Importer(815301076,1909f56bfc062723c751e8b465ee728b)
Start importing Assets/Rooms/RightDown.prefab using Guid(cbbb632feba649292a487f033f2281cb) Importer(815301076,1909f56bfc062723c751e8b465ee728b) (PreviewImporter) -> (artifact id: '93d48bbae332a300c6c0a85172c961cf') in 0.013533212 seconds
Number of updated asset objects reloaded before import = 0Number of asset objects unloaded after import = 91

========================================================================
Received Import Request.
  Time since last request: 7.421085 seconds.
  path: Assets/Rooms/DownRight.prefab
  artifactKey: Guid(f21349f76f7089af4aa0b20b718fb377) Importer(815301076,1909f56bfc062723c751e8b465ee728b)
Start importing Assets/Rooms/DownRight.prefab using Guid(f21349f76f7089af4aa0b20b718fb377) Importer(815301076,1909f56bfc062723c751e8b465ee728b) (PreviewImporter) -> (artifact id: 'a736df25c9ff8de9b3f64e46e2b57ee1') in 0.012470491 seconds
Number of updated asset objects reloaded before import = 0Number of asset objects unloaded after import = 91

========================================================================
Received Import Request.
  Time since last request: 0.000033 seconds.
  path: Assets/Rooms/UpDown.prefab
  artifactKey: Guid(04329ce80de2a062485d9bf0c26788de) Importer(815301076,1909f56bfc062723c751e8b465ee728b)
Start importing Assets/Rooms/UpDown.prefab using Guid(04329ce80de2a062485d9bf0c26788de) Importer(815301076,1909f56bfc062723c751e8b465ee728b) (PreviewImporter) -> (artifact id: 'f53ebba30afc1c084ba89a10672cdfbc') in 0.015113898 seconds
Number of updated asset objects reloaded before import = 0Number of asset objects unloaded after import = 91

========================================================================
Received Import Request.
  Time since last request: 0.000035 seconds.
  path: Assets/Rooms/UpRight.prefab
  artifactKey: Guid(098741f794037f2faa1cf007a6c2d6ac) Importer(815301076,1909f56bfc062723c751e8b465ee728b)
Start importing Assets/Rooms/UpRight.prefab using Guid(098741f794037f2faa1cf007a6c2d6ac) Importer(815301076,1909f56bfc062723c751e8b465ee728b) (PreviewImporter) -> (artifact id: '06ca5597e9d953a632da8f51eab18db0') in 0.013596711 seconds
Number of updated asset objects reloaded before import = 0Number of asset objects unloaded after import = 91

========================================================================
Received Import Request.
  Time since last request: 16.021891 seconds.
  path: Assets/Rooms/DownRight.prefab
  artifactKey: Guid(f21349f76f7089af4aa0b20b718fb377) Importer(815301076,1909f56bfc062723c751e8b465ee728b)
Start importing Assets/Rooms/DownRight.prefab using Guid(f21349f76f7089af4aa0b20b718fb377) Importer(815301076,1909f56bfc062723c751e8b465ee728b) (PreviewImporter) -> (artifact id: '13e0e9b20abfb2efbbfb2a6c383a5e57') in 0.012047697 seconds
Number of updated asset objects reloaded before import = 0Number of asset objects unloaded after import = 91

========================================================================
Received Import Request.
  Time since last request: 0.000061 seconds.
  path: Assets/Rooms/LeftUp.prefab
  artifactKey: Guid(922ff77d9f59778449c502473beeb177) Importer(815301076,1909f56bfc062723c751e8b465ee728b)
Start importing Assets/Rooms/LeftUp.prefab using Guid(922ff77d9f59778449c502473beeb177) Importer(815301076,1909f56bfc062723c751e8b465ee728b) (PreviewImporter) -> (artifact id: '0c70511a4ec51bc7065bf9a558442f44') in 0.012143302 seconds
Number of updated asset objects reloaded before import = 0Number of asset objects unloaded after import = 91

========================================================================
Received Import Request.
  Time since last request: 0.000030 seconds.
  path: Assets/Rooms/RightDown.prefab
  artifactKey: Guid(cbbb632feba649292a487f033f2281cb) Importer(815301076,1909f56bfc062723c751e8b465ee728b)
Start importing Assets/Rooms/RightDown.prefab using Guid(cbbb632feba649292a487f033f2281cb) Importer(815301076,1909f56bfc062723c751e8b465ee728b) (PreviewImporter) -> (artifact id: '1e2c7171b44997c7e63b0b038023513d') in 0.011849373 seconds
Number of updated asset objects reloaded before import = 0Number of asset objects unloaded after import = 91

========================================================================
Received Import Request.
  Time since last request: 10.687810 seconds.
  path: Assets/Rooms/DownRight.prefab
  artifactKey: Guid(f21349f76f7089af4aa0b20b718fb377) Importer(815301076,1909f56bfc062723c751e8b465ee728b)
Start importing Assets/Rooms/DownRight.prefab using Guid(f21349f76f7089af4aa0b20b718fb377) Importer(815301076,1909f56bfc062723c751e8b465ee728b) (PreviewImporter) -> (artifact id: '059a64a278cbc660ad9c212542637c02') in 0.015689463 seconds
Number of updated asset objects reloaded before import = 0Number of asset objects unloaded after import = 91

========================================================================
Received Import Request.
  Time since last request: 0.000032 seconds.
  path: Assets/Rooms/UpDown.prefab
  artifactKey: Guid(04329ce80de2a062485d9bf0c26788de) Importer(815301076,1909f56bfc062723c751e8b465ee728b)
Start importing Assets/Rooms/UpDown.prefab using Guid(04329ce80de2a062485d9bf0c26788de) Importer(815301076,1909f56bfc062723c751e8b465ee728b) (PreviewImporter) -> (artifact id: 'bb04911620001ddf38a2b25c34e3047c') in 0.016075984 seconds
Number of updated asset objects reloaded before import = 0Number of asset objects unloaded after import = 91

========================================================================
Received Import Request.
  Time since last request: 0.000054 seconds.
  path: Assets/Rooms/UpRight.prefab
  artifactKey: Guid(098741f794037f2faa1cf007a6c2d6ac) Importer(815301076,1909f56bfc062723c751e8b465ee728b)
Start importing Assets/Rooms/UpRight.prefab using Guid(098741f794037f2faa1cf007a6c2d6ac) Importer(815301076,1909f56bfc062723c751e8b465ee728b) (PreviewImporter) -> (artifact id: '963b417b447e503a14d3f409d2fcdffd') in 0.014915788 seconds
Number of updated asset objects reloaded before import = 0Number of asset objects unloaded after import = 91

========================================================================
Received Import Request.
  Time since last request: 12.388920 seconds.
  path: Assets/Rooms/DownRight.prefab
  artifactKey: Guid(f21349f76f7089af4aa0b20b718fb377) Importer(815301076,1909f56bfc062723c751e8b465ee728b)
Start importing Assets/Rooms/DownRight.prefab using Guid(f21349f76f7089af4aa0b20b718fb377) Importer(815301076,1909f56bfc062723c751e8b465ee728b) (PreviewImporter) -> (artifact id: 'bbe3cac5128b72f097da3902a1f044f5') in 0.012035328 seconds
Number of updated asset objects reloaded before import = 0Number of asset objects unloaded after import = 92

========================================================================
Received Import Request.
  Time since last request: 0.000035 seconds.
  path: Assets/Rooms/LeftUp.prefab
  artifactKey: Guid(922ff77d9f59778449c502473beeb177) Importer(815301076,1909f56bfc062723c751e8b465ee728b)
Start importing Assets/Rooms/LeftUp.prefab using Guid(922ff77d9f59778449c502473beeb177) Importer(815301076,1909f56bfc062723c751e8b465ee728b) (PreviewImporter) -> (artifact id: '67f7625f62e82c519c8de504664d11d9') in 0.015917043 seconds
Number of updated asset objects reloaded before import = 0Number of asset objects unloaded after import = 92

========================================================================
Received Import Request.
  Time since last request: 0.000038 seconds.
  path: Assets/Rooms/UpRight.prefab
  artifactKey: Guid(098741f794037f2faa1cf007a6c2d6ac) Importer(815301076,1909f56bfc062723c751e8b465ee728b)
Start importing Assets/Rooms/UpRight.prefab using Guid(098741f794037f2faa1cf007a6c2d6ac) Importer(815301076,1909f56bfc062723c751e8b465ee728b) (PreviewImporter) -> (artifact id: '4007fdabcc2c07f3933aa30b6b775b31') in 0.011960043 seconds
Number of updated asset objects reloaded before import = 0Number of asset objects unloaded after import = 92

========================================================================
Received Prepare
Shader Hidden/ProbeVolume/VoxelizeScene is not supported: GPU does not support conservative rasterization
Refreshing native plugins compatible for Editor in 1.35 ms, found 1 plugins.
Preloading 0 native plugins for Editor in 0.00 ms.
Unloading 13 Unused Serialized files (Serialized files now loaded: 0)
Unloading 6543 unused Assets / (2.2 MB). Loaded Objects now: 7394.
Memory consumption went from 139.2 MB to 136.9 MB.
Total: 25.933312 ms (FindLiveObjects: 1.216152 ms CreateObjectMapping: 1.580916 ms MarkObjects: 18.787311 ms  DeleteObjects: 4.347150 ms)

Prepare: number of updated asset objects reloaded= 0
========================================================================
Received Prepare
Shader Hidden/ProbeVolume/VoxelizeScene is not supported: GPU does not support conservative rasterization
Refreshing native plugins compatible for Editor in 1.14 ms, found 1 plugins.
Preloading 0 native plugins for Editor in 0.00 ms.
Unloading 13 Unused Serialized files (Serialized files now loaded: 0)
Unloading 6543 unused Assets / (4.2 MB). Loaded Objects now: 7394.
Memory consumption went from 139.2 MB to 135.0 MB.
Total: 24.471660 ms (FindLiveObjects: 1.475251 ms CreateObjectMapping: 2.078271 ms MarkObjects: 15.718267 ms  DeleteObjects: 5.197773 ms)

Prepare: number of updated asset objects reloaded= 0
========================================================================
Received Prepare
Begin MonoManager ReloadAssembly
- Loaded All Assemblies, in  1.145 seconds
Refreshing native plugins compatible for Editor in 0.93 ms, found 1 plugins.
Native extension for LinuxStandalone target not found
Mono: successfully reloaded assembly
- Finished resetting the current domain, in  1.316 seconds
Domain Reload Profiling: 2462ms
	BeginReloadAssembly (322ms)
		ExecutionOrderSort (0ms)
		DisableScriptedObjects (45ms)
		BackupInstance (0ms)
		ReleaseScriptingObjects (0ms)
		CreateAndSetChildDomain (109ms)
	RebuildCommonClasses (71ms)
	RebuildNativeTypeToScriptingClass (17ms)
	initialDomainReloadingComplete (44ms)
	LoadAllAssembliesAndSetupDomain (692ms)
		LoadAssemblies (442ms)
		RebuildTransferFunctionScriptingTraits (0ms)
		AnalyzeDomain (353ms)
			TypeCache.Refresh (15ms)
				TypeCache.ScanAssembly (0ms)
			BuildScriptInfoCaches (314ms)
			ResolveRequiredComponents (20ms)
	FinalizeReload (1317ms)
		ReleaseScriptCaches (0ms)
		RebuildScriptCaches (0ms)
		SetupLoadedEditorAssemblies (982ms)
			LogAssemblyErrors (0ms)
			InitializePlatformSupportModulesInManaged (6ms)
			SetLoadedEditorAssemblies (8ms)
			BeforeProcessingInitializeOnLoad (224ms)
			ProcessInitializeOnLoadAttributes (602ms)
			ProcessInitializeOnLoadMethodAttributes (136ms)
			AfterProcessingInitializeOnLoad (5ms)
			EditorAssembliesLoaded (0ms)
		ExecutionOrderSort2 (0ms)
		AwakeInstancesAfterBackupRestoration (19ms)
Shader Hidden/ProbeVolume/VoxelizeScene is not supported: GPU does not support conservative rasterization
Refreshing native plugins compatible for Editor in 1.40 ms, found 1 plugins.
Preloading 0 native plugins for Editor in 0.00 ms.
Unloading 13 Unused Serialized files (Serialized files now loaded: 0)
Unloading 6554 unused Assets / (5.3 MB). Loaded Objects now: 7296.
Memory consumption went from 135.4 MB to 130.1 MB.
Total: 17.529002 ms (FindLiveObjects: 1.209995 ms CreateObjectMapping: 2.118992 ms MarkObjects: 9.717300 ms  DeleteObjects: 4.481206 ms)

Prepare: number of updated asset objects reloaded= 0
========================================================================
Received Prepare
Begin MonoManager ReloadAssembly
- Loaded All Assemblies, in  1.140 seconds
Refreshing native plugins compatible for Editor in 0.90 ms, found 1 plugins.
Native extension for LinuxStandalone target not found
Mono: successfully reloaded assembly
- Finished resetting the current domain, in  1.303 seconds
Domain Reload Profiling: 2445ms
	BeginReloadAssembly (292ms)
		ExecutionOrderSort (0ms)
		DisableScriptedObjects (38ms)
		BackupInstance (0ms)
		ReleaseScriptingObjects (0ms)
		CreateAndSetChildDomain (90ms)
	RebuildCommonClasses (72ms)
	RebuildNativeTypeToScriptingClass (16ms)
	initialDomainReloadingComplete (43ms)
	LoadAllAssembliesAndSetupDomain (718ms)
		LoadAssemblies (444ms)
		RebuildTransferFunctionScriptingTraits (0ms)
		AnalyzeDomain (364ms)
			TypeCache.Refresh (15ms)
				TypeCache.ScanAssembly (0ms)
			BuildScriptInfoCaches (325ms)
			ResolveRequiredComponents (19ms)
	FinalizeReload (1304ms)
		ReleaseScriptCaches (0ms)
		RebuildScriptCaches (0ms)
		SetupLoadedEditorAssemblies (961ms)
			LogAssemblyErrors (0ms)
			InitializePlatformSupportModulesInManaged (5ms)
			SetLoadedEditorAssemblies (8ms)
			BeforeProcessingInitializeOnLoad (203ms)
			ProcessInitializeOnLoadAttributes (619ms)
			ProcessInitializeOnLoadMethodAttributes (121ms)
			AfterProcessingInitializeOnLoad (5ms)
			EditorAssembliesLoaded (0ms)
		ExecutionOrderSort2 (0ms)
		AwakeInstancesAfterBackupRestoration (18ms)
Shader Hidden/ProbeVolume/VoxelizeScene is not supported: GPU does not support conservative rasterization
Refreshing native plugins compatible for Editor in 0.94 ms, found 1 plugins.
Preloading 0 native plugins for Editor in 0.00 ms.
Unloading 13 Unused Serialized files (Serialized files now loaded: 0)
Unloading 6554 unused Assets / (4.5 MB). Loaded Objects now: 7298.
Memory consumption went from 135.2 MB to 130.7 MB.
Total: 15.031823 ms (FindLiveObjects: 1.086425 ms CreateObjectMapping: 1.624855 ms MarkObjects: 8.964068 ms  DeleteObjects: 3.355069 ms)

Prepare: number of updated asset objects reloaded= 0
========================================================================
Received Prepare
Begin MonoManager ReloadAssembly
- Loaded All Assemblies, in  1.088 seconds
Refreshing native plugins compatible for Editor in 0.95 ms, found 1 plugins.
Native extension for LinuxStandalone target not found
Mono: successfully reloaded assembly
- Finished resetting the current domain, in  1.271 seconds
Domain Reload Profiling: 2361ms
	BeginReloadAssembly (253ms)
		ExecutionOrderSort (0ms)
		DisableScriptedObjects (25ms)
		BackupInstance (0ms)
		ReleaseScriptingObjects (0ms)
		CreateAndSetChildDomain (85ms)
	RebuildCommonClasses (66ms)
	RebuildNativeTypeToScriptingClass (24ms)
	initialDomainReloadingComplete (47ms)
	LoadAllAssembliesAndSetupDomain (699ms)
		LoadAssemblies (434ms)
		RebuildTransferFunctionScriptingTraits (0ms)
		AnalyzeDomain (348ms)
			TypeCache.Refresh (11ms)
				TypeCache.ScanAssembly (0ms)
			BuildScriptInfoCaches (312ms)
			ResolveRequiredComponents (20ms)
	FinalizeReload (1272ms)
		ReleaseScriptCaches (0ms)
		RebuildScriptCaches (0ms)
		SetupLoadedEditorAssemblies (924ms)
			LogAssemblyErrors (0ms)
			InitializePlatformSupportModulesInManaged (6ms)
			SetLoadedEditorAssemblies (8ms)
			BeforeProcessingInitializeOnLoad (196ms)
			ProcessInitializeOnLoadAttributes (592ms)
			ProcessInitializeOnLoadMethodAttributes (116ms)
			AfterProcessingInitializeOnLoad (5ms)
			EditorAssembliesLoaded (0ms)
		ExecutionOrderSort2 (0ms)
		AwakeInstancesAfterBackupRestoration (20ms)
Shader Hidden/ProbeVolume/VoxelizeScene is not supported: GPU does not support conservative rasterization
Refreshing native plugins compatible for Editor in 0.99 ms, found 1 plugins.
Preloading 0 native plugins for Editor in 0.00 ms.
Unloading 13 Unused Serialized files (Serialized files now loaded: 0)
Unloading 6554 unused Assets / (5.2 MB). Loaded Objects now: 7300.
Memory consumption went from 135.3 MB to 130.1 MB.
Total: 18.783149 ms (FindLiveObjects: 1.239125 ms CreateObjectMapping: 2.525288 ms MarkObjects: 10.196646 ms  DeleteObjects: 4.820066 ms)

Prepare: number of updated asset objects reloaded= 0
========================================================================
Received Prepare
Begin MonoManager ReloadAssembly
- Loaded All Assemblies, in  1.103 seconds
Refreshing native plugins compatible for Editor in 0.85 ms, found 1 plugins.
Native extension for LinuxStandalone target not found
Mono: successfully reloaded assembly
- Finished resetting the current domain, in  1.332 seconds
Domain Reload Profiling: 2437ms
	BeginReloadAssembly (284ms)
		ExecutionOrderSort (0ms)
		DisableScriptedObjects (25ms)
		BackupInstance (0ms)
		ReleaseScriptingObjects (0ms)
		CreateAndSetChildDomain (101ms)
	RebuildCommonClasses (71ms)
	RebuildNativeTypeToScriptingClass (16ms)
	initialDomainReloadingComplete (43ms)
	LoadAllAssembliesAndSetupDomain (690ms)
		LoadAssemblies (427ms)
		RebuildTransferFunctionScriptingTraits (0ms)
		AnalyzeDomain (360ms)
			TypeCache.Refresh (16ms)
				TypeCache.ScanAssembly (0ms)
			BuildScriptInfoCaches (320ms)
			ResolveRequiredComponents (20ms)
	FinalizeReload (1333ms)
		ReleaseScriptCaches (0ms)
		RebuildScriptCaches (0ms)
		SetupLoadedEditorAssemblies (990ms)
			LogAssemblyErrors (0ms)
			InitializePlatformSupportModulesInManaged (5ms)
			SetLoadedEditorAssemblies (11ms)
			BeforeProcessingInitializeOnLoad (261ms)
			ProcessInitializeOnLoadAttributes (595ms)
			ProcessInitializeOnLoadMethodAttributes (112ms)
			AfterProcessingInitializeOnLoad (5ms)
			EditorAssembliesLoaded (0ms)
		ExecutionOrderSort2 (0ms)
		AwakeInstancesAfterBackupRestoration (18ms)
Shader Hidden/ProbeVolume/VoxelizeScene is not supported: GPU does not support conservative rasterization
Refreshing native plugins compatible for Editor in 0.89 ms, found 1 plugins.
Preloading 0 native plugins for Editor in 0.00 ms.
Unloading 13 Unused Serialized files (Serialized files now loaded: 0)
Unloading 6554 unused Assets / (4.4 MB). Loaded Objects now: 7302.
Memory consumption went from 135.3 MB to 130.8 MB.
Total: 14.288059 ms (FindLiveObjects: 1.057335 ms CreateObjectMapping: 1.653748 ms MarkObjects: 8.457114 ms  DeleteObjects: 3.118652 ms)

Prepare: number of updated asset objects reloaded= 0
========================================================================
Received Import Request.
  Time since last request: 438.979461 seconds.
  path: Assets/Rooms/DownRight.prefab
  artifactKey: Guid(f21349f76f7089af4aa0b20b718fb377) Importer(815301076,1909f56bfc062723c751e8b465ee728b)
Start importing Assets/Rooms/DownRight.prefab using Guid(f21349f76f7089af4aa0b20b718fb377) Importer(815301076,1909f56bfc062723c751e8b465ee728b) (PreviewImporter) -> (artifact id: 'f20efb679fb92fd703eefdac29aef2ae') in 0.820311899 seconds
Number of updated asset objects reloaded before import = 0Number of asset objects unloaded after import = 93

========================================================================
Received Import Request.
  Time since last request: 0.000050 seconds.
  path: Assets/Rooms/LeftUp.prefab
  artifactKey: Guid(922ff77d9f59778449c502473beeb177) Importer(815301076,1909f56bfc062723c751e8b465ee728b)
Start importing Assets/Rooms/LeftUp.prefab using Guid(922ff77d9f59778449c502473beeb177) Importer(815301076,1909f56bfc062723c751e8b465ee728b) (PreviewImporter) -> (artifact id: '0593cb2040126f3d9c7b17e53c9a630a') in 0.014622248 seconds
Number of updated asset objects reloaded before import = 0Number of asset objects unloaded after import = 93

========================================================================
Received Import Request.
  Time since last request: 0.000040 seconds.
  path: Assets/Rooms/RightDown.prefab
  artifactKey: Guid(cbbb632feba649292a487f033f2281cb) Importer(815301076,1909f56bfc062723c751e8b465ee728b)
Start importing Assets/Rooms/RightDown.prefab using Guid(cbbb632feba649292a487f033f2281cb) Importer(815301076,1909f56bfc062723c751e8b465ee728b) (PreviewImporter) -> (artifact id: 'dd82dc092ab28c27b4364fe19a7a4ddd') in 0.012674514 seconds
Number of updated asset objects reloaded before import = 0Number of asset objects unloaded after import = 93

========================================================================
Received Import Request.
  Time since last request: 12.889551 seconds.
  path: Assets/Rooms/Up
  artifactKey: Guid(497d80cf6d615084382e829fbc95c85a) Importer(815301076,1909f56bfc062723c751e8b465ee728b)
Start importing Assets/Rooms/Up using Guid(497d80cf6d615084382e829fbc95c85a) Importer(815301076,1909f56bfc062723c751e8b465ee728b) (PreviewImporter) -> (artifact id: '7d3e400833b847377391fd60ce8bf802') in 0.001297967 seconds
Number of updated asset objects reloaded before import = 0Number of asset objects unloaded after import = 0

========================================================================
Received Import Request.
  Time since last request: 14.888707 seconds.
  path: Assets/Rooms/Left
  artifactKey: Guid(7656f7cb87b72bc518fa602248625de5) Importer(815301076,1909f56bfc062723c751e8b465ee728b)
Start importing Assets/Rooms/Left using Guid(7656f7cb87b72bc518fa602248625de5) Importer(815301076,1909f56bfc062723c751e8b465ee728b) (PreviewImporter) -> (artifact id: 'd81b5b686eb0dab9459f18ff7e9bfd99') in 0.000872656 seconds
Number of updated asset objects reloaded before import = 0Number of asset objects unloaded after import = 0

========================================================================
Received Import Request.
  Time since last request: 11.377510 seconds.
  path: Assets/Rooms/Right
  artifactKey: Guid(12e975b4c1429585b80698b6198e2707) Importer(815301076,1909f56bfc062723c751e8b465ee728b)
Start importing Assets/Rooms/Right using Guid(12e975b4c1429585b80698b6198e2707) Importer(815301076,1909f56bfc062723c751e8b465ee728b) (PreviewImporter) -> (artifact id: '491be07b12e7abf13c6ea8af48d7f56d') in 0.001067069 seconds
Number of updated asset objects reloaded before import = 0Number of asset objects unloaded after import = 0

========================================================================
Received Import Request.
  Time since last request: 10.388201 seconds.
  path: Assets/Rooms/LeftUp
  artifactKey: Guid(6386adf856920a9aea8aa63673e42c12) Importer(815301076,1909f56bfc062723c751e8b465ee728b)
Start importing Assets/Rooms/LeftUp using Guid(6386adf856920a9aea8aa63673e42c12) Importer(815301076,1909f56bfc062723c751e8b465ee728b) (PreviewImporter) -> (artifact id: 'c9e726953091b85fcccd6fb2397c3532') in 0.001077628 seconds
Number of updated asset objects reloaded before import = 0Number of asset objects unloaded after import = 0

========================================================================
Received Import Request.
  Time since last request: 7.129842 seconds.
  path: Assets/Rooms/RightUp
  artifactKey: Guid(ac8601a512f806d359cdd0c8f50a411e) Importer(815301076,1909f56bfc062723c751e8b465ee728b)
Start importing Assets/Rooms/RightUp using Guid(ac8601a512f806d359cdd0c8f50a411e) Importer(815301076,1909f56bfc062723c751e8b465ee728b) (PreviewImporter) -> (artifact id: '8bfc21a217f29e16edb0b2d2a501e978') in 0.001369746 seconds
Number of updated asset objects reloaded before import = 0Number of asset objects unloaded after import = 0

